1625555684818	geckodriver	INFO	Listening on 127.0.0.1:10458
1625555687907	mozrunner::runner	INFO	Running command: "C:\\Program Files\\Mozilla Firefox\\firefox.exe" "--marionette" "-foreground" "-no-remote" "-profile" "C:\\Users\\Keshav\\AppData\\Local\\Temp\\rust_mozprofileikP4cX"
1625555688203	Marionette	INFO	Marionette enabled
console.warn: SearchSettings: "get: No settings file exists, new profile?" (new NotFoundError("Could not open the file at C:\\Users\\Keshav\\AppData\\Local\\Temp\\rust_mozprofileikP4cX\\search.json.mozlz4", (void 0)))
1625555690011	Marionette	INFO	Listening on port 10466
1625555690076	Marionette	WARN	TLS certificate errors will be ignored for this session
JavaScript error: https://static-exp1.licdn.com/sc/h/ajb1ah7ehtdeiip59j5t4rr5c, line 1: TypeError: n.error is null
JavaScript error: https://platform.linkedin.com/litms/utag/jobs-guest-frontend/utag.js?cb=1625555400000, line 1: TypeError: utag is undefined
1625555696041	Marionette	INFO	Stopped listening on port 10466

###!!! [Child][RunMessage] Error: Channel closing: too late to send/recv, messages will be lost

1625555719679	geckodriver	INFO	Listening on 127.0.0.1:10554
1625555722768	mozrunner::runner	INFO	Running command: "C:\\Program Files\\Mozilla Firefox\\firefox.exe" "--marionette" "-foreground" "-no-remote" "-profile" "C:\\Users\\Keshav\\AppData\\Local\\Temp\\rust_mozprofileaQW2Lg"
1625555723060	Marionette	INFO	Marionette enabled
console.warn: SearchSettings: "get: No settings file exists, new profile?" (new NotFoundError("Could not open the file at C:\\Users\\Keshav\\AppData\\Local\\Temp\\rust_mozprofileaQW2Lg\\search.json.mozlz4", (void 0)))
1625555725032	Marionette	INFO	Listening on port 10563
1625555725444	Marionette	WARN	TLS certificate errors will be ignored for this session
JavaScript error: https://static-exp1.licdn.com/sc/h/ajb1ah7ehtdeiip59j5t4rr5c, line 1: Error: Could not lazy load JS with src https://static-exp1.licdn.com/sc/h/b08gxllvwy6zylnb52u2u7ovr
1625555734858	Marionette	INFO	Stopped listening on port 10563

###!!! [Child][RunMessage] Error: Channel closing: too late to send/recv, messages will be lost

1625556067818	geckodriver	INFO	Listening on 127.0.0.1:10697
1625556070948	mozrunner::runner	INFO	Running command: "C:\\Program Files\\Mozilla Firefox\\firefox.exe" "--marionette" "-foreground" "-no-remote" "-profile" "C:\\Users\\Keshav\\AppData\\Local\\Temp\\rust_mozprofileQAPmZz"
1625556071255	Marionette	INFO	Marionette enabled
console.warn: SearchSettings: "get: No settings file exists, new profile?" (new NotFoundError("Could not open the file at C:\\Users\\Keshav\\AppData\\Local\\Temp\\rust_mozprofileQAPmZz\\search.json.mozlz4", (void 0)))
1625556073083	Marionette	INFO	Listening on port 10706
1625556073108	Marionette	WARN	TLS certificate errors will be ignored for this session
JavaScript error: https://static-exp1.licdn.com/sc/h/ajb1ah7ehtdeiip59j5t4rr5c, line 1: Error: Could not lazy load JS with src https://static-exp1.licdn.com/sc/h/b08gxllvwy6zylnb52u2u7ovr
1625556191228	Marionette	INFO	Stopped listening on port 10706

###!!! [Child][RunMessage] Error: Channel closing: too late to send/recv, messages will be lost

"--marionette" "-foreground" "-no-remote" "-profile" "C:\\Users\\Keshav\\AppData\\Local\\Temp\\rust_mozprofile74eJpg"
1625556188642	Marionette	INFO	Marionette enabled
console.warn: SearchSettings: "get: No settings file exists, new profile?" (new NotFoundError("Could not open the file at C:\\Users\\Keshav\\AppData\\Local\\Temp\\rust_mozprofile74eJpg\\search.json.mozlz4", (void 0)))
1625556190669	Marionette	INFO	Listening on port 10783
1625556191027	Marionette	WARN	TLS certificate errors will be ignored for this session
JavaScript error: https://static-exp1.licdn.com/sc/h/ajb1ah7ehtdeiip59j5t4rr5c, line 1: Error: Could not lazy load JS with src https://static-exp1.licdn.com/sc/h/b08gxllvwy6zylnb52u2u7ovr
JavaScript warning: https://static-exp1.licdn.com/sc/h/dpmk9x6naqqv7akeifcbykmzx, line 3734: unreachable code after return statement
JavaScript warning: https://static-exp1.licdn.com/sc/h/di19o491dhsu35evea4rzcn1n, line 6: unreachable code after return statement
JavaScript warning: https://static-exp1.licdn.com/sc/h/di19o491dhsu35evea4rzcn1n, line 6: unreachable code after return statement
JavaScript warning: https://static-exp1.licdn.com/sc/h/1erriemikjfwp52w6xjx3bijg, line 6: unreachable code after return statement
JavaScript warning: https://static-exp1.licdn.com/sc/h/6g2yq76me7qk0rbg31pohxa77, line 6: unreachable code after return statement
JavaScript warning: https://static-exp1.licdn.com/sc/h/3nzivj4g71hkymrb41xa1rnbd, line 6: unreachable code after return statement
JavaScript warning: https://static-exp1.licdn.com/sc/h/bcp86x768c30flcbz2v1clddv, line 6: unreachable code after return statement
JavaScript warning: https://static-exp1.licdn.com/sc/h/18gac1u3kcqd9qqqfg9v613lw, line 6: unreachable code after return statement
JavaScript warning: https://static-exp1.licdn.com/sc/h/6g2yq76me7qk0rbg31pohxa77, line 6: unreachable code after return statement
JavaScript warning: https://static-exp1.licdn.com/sc/h/1erriemikjfwp52w6xjx3bijg, line 6: unreachable code after return statement
JavaScript error: resource://devtools/server/actors/network-monitor/network-event-actor.js, line 108: Error: Got a request https://static-exp1.licdn.com/sc/h/4bgwdyqe3i965vn8kqpxub8f4 without a browsingContextID set
JavaScript error: resource://devtools/server/actors/network-monitor/network-event-actor.js, line 108: Error: Got a request https://static-exp1.licdn.com/sc/h/dfth9tdbk4s0cwdqncu9die14 without a browsingContextID set
console.warn: LoginRecipes: "getRecipes: falling back to a synchronous message for:" "https://www.linkedin.com"
JavaScript error: resource://devtools/server/actors/network-monitor/network-event-actor.js, line 108: Error: Got a request https://static-exp1.licdn.com/sc/h/4bgwdyqe3i965vn8kqpxub8f4 without a browsingContextID set
JavaScript error: resource://devtools/server/actors/network-monitor/network-event-actor.js, line 108: Error: Got a request https://static-exp1.licdn.com/sc/h/dfth9tdbk4s0cwdqncu9die14 without a browsingContextID set
JavaScript warning: https://static-exp1.licdn.com/sc/h/1erriemikjfwp52w6xjx3bijg, line 6: unreachable code after return statement
JavaScript warning: https://static-exp1.licdn.com/sc/h/6g2yq76me7qk0rbg31pohxa77, line 6: unreachable code after return statement
JavaScript error: resource://devtools/server/actors/network-monitor/network-event-actor.js, line 108: Error: Got a request https://static-exp1.licdn.com/sc/h/4bgwdyqe3i965vn8kqpxub8f4 without a browsingContextID set
JavaScript error: resource://devtools/server/actors/network-monitor/network-event-actor.js, line 108: Error: Got a request https://static-exp1.licdn.com/sc/h/dfth9tdbk4s0cwdqncu9die14 without a browsingContextID set
JavaScript warning: https://static-exp1.licdn.com/sc/h/1erriemikjfwp52w6xjx3bijg, line 6: unreachable code after return statement
JavaScript warning: https://static-exp1.licdn.com/sc/h/6g2yq76me7qk0rbg31pohxa77, line 6: unreachable code after return statement
console.warn: services.settings: main/doh-config Signature verified failed. Retry from scratch
console.warn: services.settings: main/doh-providers Signature verified failed. Retry from scratch
console.warn: LoginRecipes: "getRecipes: falling back to a synchronous message for:" "https://www.linkedin.com"
console.warn: LoginRecipes: "getRecipes: falling back to a synchronous message for:" "https://www.linkedin.com"
JavaScript error: resource://devtools/server/actors/network-monitor/network-event-actor.js, line 108: Error: Got a request https://static-exp1.licdn.com/sc/h/4bgwdyqe3i965vn8kqpxub8f4 without a browsingContextID set
JavaScript error: resource://devtools/server/actors/network-monitor/network-event-actor.js, line 108: Error: Got a request https://static-exp1.licdn.com/sc/h/dfth9tdbk4s0cwdqncu9die14 without a browsingContextID set
JavaScript warning: https://static-exp1.licdn.com/sc/h/1erriemikjfwp52w6xjx3bijg, line 6: unreachable code after return statement
JavaScript warning: https://static-exp1.licdn.com/sc/h/6g2yq76me7qk0rbg31pohxa77, line 6: unreachable code after return statement
console.log: WebExtensions: reset-default-search: starting.
console.log: WebExtensions: reset-default-search: No addons in our list are installed.
1625556825434	Marionette	INFO	Stopped listening on port 10783
1625556830380	geckodriver	INFO	Listening on 127.0.0.1:11052
1625556833485	mozrunner::runner	INFO	Running command: "C:\\Program Files\\Mozilla Firefox\\firefox.exe" "--marionette" "-foreground" "-no-remote" "-profile" "C:\\Users\\Keshav\\AppData\\Local\\Temp\\rust_mozprofileYF30oA"
1625556833791	Marionette	INFO	Marionette enabled
console.warn: SearchSettings: "get: No settings file exists, new profile?" (new NotFoundError("Could not open the file at C:\\Users\\Keshav\\AppData\\Local\\Temp\\rust_mozprofileYF30oA\\search.json.mozlz4", (void 0)))
1625556835743	Marionette	INFO	Listening on port 11060
1625556836133	Marionette	WARN	TLS certificate errors will be ignored for this session
JavaScript error: https://static-exp1.licdn.com/sc/h/ajb1ah7ehtdeiip59j5t4rr5c, line 1: Error: Could not lazy load JS with src https://static-exp1.licdn.com/sc/h/b08gxllvwy6zylnb52u2u7ovr
JavaScript warning: https://static-exp1.licdn.com/sc/h/dpmk9x6naqqv7akeifcbykmzx, line 3734: unreachable code after return statement
JavaScript warning: https://static-exp1.licdn.com/sc/h/di19o491dhsu35evea4rzcn1n, line 6: unreachable code after return statement
JavaScript warning: https://static-exp1.licdn.com/sc/h/di19o491dhsu35evea4rzcn1n, line 6: unreachable code after return statement
JavaScript warning: https://static-exp1.licdn.com/sc/h/1erriemikjfwp52w6xjx3bijg, line 6: unreachable code after return statement
JavaScript warning: https://static-exp1.licdn.com/sc/h/6g2yq76me7qk0rbg31pohxa77, line 6: unreachable code after return statement
JavaScript warning: https://static-exp1.licdn.com/sc/h/3nzivj4g71hkymrb41xa1rnbd, line 6: unreachable code after return statement
JavaScript warning: https://static-exp1.licdn.com/sc/h/bcp86x768c30flcbz2v1clddv, line 6: unreachable code after return statement
JavaScript warning: https://static-exp1.licdn.com/sc/h/18gac1u3kcqd9qqqfg9v613lw, line 6: unreachable code after return statement
1625556854358	Marionette	INFO	Stopped listening on port 11060

###!!! [Child][RunMessage] Error: Channel closing: too late to send/recv, messages will be lost

1625556865229	geckodriver	INFO	Listening on 127.0.0.1:11222
1625556868337	mozrunner::runner	INFO	Running command: "C:\\Program Files\\Mozilla Firefox\\firefox.exe" "--marionette" "-foreground" "-no-remote" "-profile" "C:\\Users\\Keshav\\AppData\\Local\\Temp\\rust_mozprofilepvvX23"
1625556868624	Marionette	INFO	Marionette enabled
console.warn: SearchSettings: "get: No settings file exists, new profile?" (new NotFoundError("Could not open the file at C:\\Users\\Keshav\\AppData\\Local\\Temp\\rust_mozprofilepvvX23\\search.json.mozlz4", (void 0)))
1625556870512	Marionette	INFO	Listening on port 11230
1625556870992	Marionette	WARN	TLS certificate errors will be ignored for this session
JavaScript warning: https://static-exp1.licdn.com/sc/h/dpmk9x6naqqv7akeifcbykmzx, line 3734: unreachable code after return statement
JavaScript warning: https://static-exp1.licdn.com/sc/h/di19o491dhsu35evea4rzcn1n, line 6: unreachable code after return statement
JavaScript warning: https://static-exp1.licdn.com/sc/h/di19o491dhsu35evea4rzcn1n, line 6: unreachable code after return statement
JavaScript warning: https://static-exp1.licdn.com/sc/h/1erriemikjfwp52w6xjx3bijg, line 6: unreachable code after return statement
JavaScript warning: https://static-exp1.licdn.com/sc/h/6g2yq76me7qk0rbg31pohxa77, line 6: unreachable code after return statement
JavaScript warning: https://static-exp1.licdn.com/sc/h/3nzivj4g71hkymrb41xa1rnbd, line 6: unreachable code after return statement
JavaScript warning: https://static-exp1.licdn.com/sc/h/bcp86x768c30flcbz2v1clddv, line 6: unreachable code after return statement
JavaScript warning: https://static-exp1.licdn.com/sc/h/18gac1u3kcqd9qqqfg9v613lw, line 6: unreachable code after return statement
1625556884603	Marionette	INFO	Stopped listening on port 11230

###!!! [Child][RunMessage] Error: Channel closing: too late to send/recv, messages will be lost

1625556892765	geckodriver	INFO	Listening on 127.0.0.1:11384
1625556895862	mozrunner::runner	INFO	Running command: "C:\\Program Files\\Mozilla Firefox\\firefox.exe" "--marionette" "-foreground" "-no-remote" "-profile" "C:\\Users\\Keshav\\AppData\\Local\\Temp\\rust_mozprofileDkYi7h"
1625556896178	Marionette	INFO	Marionette enabled
console.warn: SearchSettings: "get: No settings file exists, new profile?" (new NotFoundError("Could not open the file at C:\\Users\\Keshav\\AppData\\Local\\Temp\\rust_mozprofileDkYi7h\\search.json.mozlz4", (void 0)))
1625556898257	Marionette	INFO	Listening on port 11415
1625556898545	Marionette	WARN	TLS certificate errors will be ignored for this session
JavaScript error: https://static-exp1.licdn.com/sc/h/ajb1ah7ehtdeiip59j5t4rr5c, line 1: Error: Could not lazy load JS with src https://static-exp1.licdn.com/sc/h/b08gxllvwy6zylnb52u2u7ovr
JavaScript warning: https://static-exp1.licdn.com/sc/h/dpmk9x6naqqv7akeifcbykmzx, line 3734: unreachable code after return statement
JavaScript warning: https://static-exp1.licdn.com/sc/h/di19o491dhsu35evea4rzcn1n, line 6: unreachable code after return statement
JavaScript warning: https://static-exp1.licdn.com/sc/h/di19o491dhsu35evea4rzcn1n, line 6: unreachable code after return statement
JavaScript warning: https://static-exp1.licdn.com/sc/h/1erriemikjfwp52w6xjx3bijg, line 6: unreachable code after return statement
JavaScript warning: https://static-exp1.licdn.com/sc/h/6g2yq76me7qk0rbg31pohxa77, line 6: unreachable code after return statement
JavaScript warning: https://static-exp1.licdn.com/sc/h/3nzivj4g71hkymrb41xa1rnbd, line 6: unreachable code after return statement
JavaScript warning: https://static-exp1.licdn.com/sc/h/bcp86x768c30flcbz2v1clddv, line 6: unreachable code after return statement
JavaScript warning: https://static-exp1.licdn.com/sc/h/18gac1u3kcqd9qqqfg9v613lw, line 6: unreachable code after return statement
1625556915157	Marionette	INFO	Stopped listening on port 11415

###!!! [Child][RunMessage] Error: Channel closing: too late to send/recv, messages will be lost

1625556922577	geckodriver	INFO	Listening on 127.0.0.1:11616
1625556925688	mozrunner::runner	INFO	Running command: "C:\\Program Files\\Mozilla Firefox\\firefox.exe" "--marionette" "-foreground" "-no-remote" "-profile" "C:\\Users\\Keshav\\AppData\\Local\\Temp\\rust_mozprofileyBJ20s"
1625556925986	Marionette	INFO	Marionette enabled
console.warn: SearchSettings: "get: No settings file exists, new profile?" (new NotFoundError("Could not open the file at C:\\Users\\Keshav\\AppData\\Local\\Temp\\rust_mozprofileyBJ20s\\search.json.mozlz4", (void 0)))
1625556927806	Marionette	INFO	Listening on port 11624
1625556927842	Marionette	WARN	TLS certificate errors will be ignored for this session
JavaScript error: https://static-exp1.licdn.com/sc/h/ajb1ah7ehtdeiip59j5t4rr5c, line 1: Error: Could not lazy load JS with src https://static-exp1.licdn.com/sc/h/b08gxllvwy6zylnb52u2u7ovr
JavaScript warning: https://static-exp1.licdn.com/sc/h/dpmk9x6naqqv7akeifcbykmzx, line 3734: unreachable code after return statement
JavaScript warning: https://static-exp1.licdn.com/sc/h/di19o491dhsu35evea4rzcn1n, line 6: unreachable code after return statement
JavaScript warning: https://static-exp1.licdn.com/sc/h/di19o491dhsu35evea4rzcn1n, line 6: unreachable code after return statement
JavaScript warning: https://static-exp1.licdn.com/sc/h/1erriemikjfwp52w6xjx3bijg, line 6: unreachable code after return statement
JavaScript warning: https://static-exp1.licdn.com/sc/h/6g2yq76me7qk0rbg31pohxa77, line 6: unreachable code after return statement
JavaScript warning: https://static-exp1.licdn.com/sc/h/3nzivj4g71hkymrb41xa1rnbd, line 6: unreachable code after return statement
JavaScript warning: https://static-exp1.licdn.com/sc/h/bcp86x768c30flcbz2v1clddv, line 6: unreachable code after return statement
JavaScript warning: https://static-exp1.licdn.com/sc/h/18gac1u3kcqd9qqqfg9v613lw, line 6: unreachable code after return statement
1625557071029	Marionette	INFO	Stopped listening on port 11624

###!!! [Child][RunMessage] Error: Channel closing: too late to send/recv, messages will be lost

"--marionette" "-foreground" "-no-remote" "-profile" "C:\\Users\\Keshav\\AppData\\Local\\Temp\\rust_mozprofilege4MzL"
1625557013466	Marionette	INFO	Marionette enabled
console.warn: SearchSettings: "get: No settings file exists, new profile?" (new NotFoundError("Could not open the file at C:\\Users\\Keshav\\AppData\\Local\\Temp\\rust_mozprofilege4MzL\\search.json.mozlz4", (void 0)))
1625557015368	Marionette	INFO	Listening on port 11835
1625557015845	Marionette	WARN	TLS certificate errors will be ignored for this session
JavaScript error: https://static-exp1.licdn.com/sc/h/ajb1ah7ehtdeiip59j5t4rr5c, line 1: Error: Could not lazy load JS with src https://static-exp1.licdn.com/sc/h/b08gxllvwy6zylnb52u2u7ovr
JavaScript warning: https://static-exp1.licdn.com/sc/h/dpmk9x6naqqv7akeifcbykmzx, line 3734: unreachable code after return statement
JavaScript warning: https://static-exp1.licdn.com/sc/h/di19o491dhsu35evea4rzcn1n, line 6: unreachable code after return statement
JavaScript warning: https://static-exp1.licdn.com/sc/h/di19o491dhsu35evea4rzcn1n, line 6: unreachable code after return statement
JavaScript warning: https://static-exp1.licdn.com/sc/h/1erriemikjfwp52w6xjx3bijg, line 6: unreachable code after return statement
JavaScript warning: https://static-exp1.licdn.com/sc/h/6g2yq76me7qk0rbg31pohxa77, line 6: unreachable code after return statement
JavaScript warning: https://static-exp1.licdn.com/sc/h/3nzivj4g71hkymrb41xa1rnbd, line 6: unreachable code after return statement
JavaScript warning: https://static-exp1.licdn.com/sc/h/bcp86x768c30flcbz2v1clddv, line 6: unreachable code after return statement
JavaScript warning: https://static-exp1.licdn.com/sc/h/18gac1u3kcqd9qqqfg9v613lw, line 6: unreachable code after return statement
1625557031523	Marionette	INFO	Stopped listening on port 11835
1625557043135	geckodriver	INFO	Listening on 127.0.0.1:11972
1625557046232	mozrunner::runner	INFO	Running command: "C:\\Program Files\\Mozilla Firefox\\firefox.exe" "--marionette" "-foreground" "-no-remote" "-profile" "C:\\Users\\Keshav\\AppData\\Local\\Temp\\rust_mozprofilen2ZDB4"
1625557046532	Marionette	INFO	Marionette enabled
console.warn: SearchSettings: "get: No settings file exists, new profile?" (new NotFoundError("Could not open the file at C:\\Users\\Keshav\\AppData\\Local\\Temp\\rust_mozprofilen2ZDB4\\search.json.mozlz4", (void 0)))
1625557048414	Marionette	INFO	Listening on port 11980
1625557048897	Marionette	WARN	TLS certificate errors will be ignored for this session
JavaScript error: https://static-exp1.licdn.com/sc/h/ajb1ah7ehtdeiip59j5t4rr5c, line 1: Error: Could not lazy load JS with src https://static-exp1.licdn.com/sc/h/b08gxllvwy6zylnb52u2u7ovr
JavaScript warning: https://static-exp1.licdn.com/sc/h/dpmk9x6naqqv7akeifcbykmzx, line 3734: unreachable code after return statement
JavaScript warning: https://static-exp1.licdn.com/sc/h/di19o491dhsu35evea4rzcn1n, line 6: unreachable code after return statement
JavaScript warning: https://static-exp1.licdn.com/sc/h/di19o491dhsu35evea4rzcn1n, line 6: unreachable code after return statement
JavaScript warning: https://static-exp1.licdn.com/sc/h/1erriemikjfwp52w6xjx3bijg, line 6: unreachable code after return statement
JavaScript warning: https://static-exp1.licdn.com/sc/h/6g2yq76me7qk0rbg31pohxa77, line 6: unreachable code after return statement
JavaScript warning: https://static-exp1.licdn.com/sc/h/3nzivj4g71hkymrb41xa1rnbd, line 6: unreachable code after return statement
JavaScript warning: https://static-exp1.licdn.com/sc/h/bcp86x768c30flcbz2v1clddv, line 6: unreachable code after return statement
JavaScript warning: https://static-exp1.licdn.com/sc/h/18gac1u3kcqd9qqqfg9v613lw, line 6: unreachable code after return statement
1625557067401	Marionette	INFO	Stopped listening on port 11980

###!!! [Child][RunMessage] Error: Channel closing: too late to send/recv, messages will be lost

1625557091311	geckodriver	INFO	Listening on 127.0.0.1:12120
1625557094406	mozrunner::runner	INFO	Running command: "C:\\Program Files\\Mozilla Firefox\\firefox.exe" "--marionette" "-foreground" "-no-remote" "-profile" "C:\\Users\\Keshav\\AppData\\Local\\Temp\\rust_mozprofileYJ40Eo"
1625557094706	Marionette	INFO	Marionette enabled
console.warn: SearchSettings: "get: No settings file exists, new profile?" (new NotFoundError("Could not open the file at C:\\Users\\Keshav\\AppData\\Local\\Temp\\rust_mozprofileYJ40Eo\\search.json.mozlz4", (void 0)))
1625557096663	Marionette	INFO	Listening on port 12128
1625557097087	Marionette	WARN	TLS certificate errors will be ignored for this session
JavaScript error: https://static-exp1.licdn.com/sc/h/ajb1ah7ehtdeiip59j5t4rr5c, line 1: Error: Could not lazy load JS with src https://static-exp1.licdn.com/sc/h/b08gxllvwy6zylnb52u2u7ovr
JavaScript warning: https://static-exp1.licdn.com/sc/h/dpmk9x6naqqv7akeifcbykmzx, line 3734: unreachable code after return statement
JavaScript warning: https://static-exp1.licdn.com/sc/h/di19o491dhsu35evea4rzcn1n, line 6: unreachable code after return statement
JavaScript warning: https://static-exp1.licdn.com/sc/h/di19o491dhsu35evea4rzcn1n, line 6: unreachable code after return statement
JavaScript warning: https://static-exp1.licdn.com/sc/h/1erriemikjfwp52w6xjx3bijg, line 6: unreachable code after return statement
JavaScript warning: https://static-exp1.licdn.com/sc/h/6g2yq76me7qk0rbg31pohxa77, line 6: unreachable code after return statement
JavaScript warning: https://static-exp1.licdn.com/sc/h/3nzivj4g71hkymrb41xa1rnbd, line 6: unreachable code after return statement
JavaScript warning: https://static-exp1.licdn.com/sc/h/bcp86x768c30flcbz2v1clddv, line 6: unreachable code after return statement
JavaScript warning: https://static-exp1.licdn.com/sc/h/18gac1u3kcqd9qqqfg9v613lw, line 6: unreachable code after return statement
1625557130600	Marionette	INFO	Stopped listening on port 12128
1625557142819	geckodriver	INFO	Listening on 127.0.0.1:12286
1625557145923	mozrunner::runner	INFO	Running command: "C:\\Program Files\\Mozilla Firefox\\firefox.exe" "--marionette" "-foreground" "-no-remote" "-profile" "C:\\Users\\Keshav\\AppData\\Local\\Temp\\rust_mozprofileDqhiCS"
1625557146225	Marionette	INFO	Marionette enabled
console.warn: SearchSettings: "get: No settings file exists, new profile?" (new NotFoundError("Could not open the file at C:\\Users\\Keshav\\AppData\\Local\\Temp\\rust_mozprofileDqhiCS\\search.json.mozlz4", (void 0)))
1625557148039	Marionette	INFO	Listening on port 12295
1625557148081	Marionette	WARN	TLS certificate errors will be ignored for this session
JavaScript error: https://static-exp1.licdn.com/sc/h/ajb1ah7ehtdeiip59j5t4rr5c, line 1: Error: Could not lazy load JS with src https://static-exp1.licdn.com/sc/h/b08gxllvwy6zylnb52u2u7ovr
JavaScript warning: https://static-exp1.licdn.com/sc/h/dpmk9x6naqqv7akeifcbykmzx, line 3734: unreachable code after return statement
JavaScript warning: https://static-exp1.licdn.com/sc/h/di19o491dhsu35evea4rzcn1n, line 6: unreachable code after return statement
JavaScript warning: https://static-exp1.licdn.com/sc/h/di19o491dhsu35evea4rzcn1n, line 6: unreachable code after return statement
JavaScript warning: https://static-exp1.licdn.com/sc/h/1erriemikjfwp52w6xjx3bijg, line 6: unreachable code after return statement
JavaScript warning: https://static-exp1.licdn.com/sc/h/6g2yq76me7qk0rbg31pohxa77, line 6: unreachable code after return statement
JavaScript warning: https://static-exp1.licdn.com/sc/h/3nzivj4g71hkymrb41xa1rnbd, line 6: unreachable code after return statement
JavaScript warning: https://static-exp1.licdn.com/sc/h/bcp86x768c30flcbz2v1clddv, line 6: unreachable code after return statement
JavaScript warning: https://static-exp1.licdn.com/sc/h/18gac1u3kcqd9qqqfg9v613lw, line 6: unreachable code after return statement
1625557224858	Marionette	INFO	Stopped listening on port 12295

###!!! [Child][RunMessage] Error: Channel closing: too late to send/recv, messages will be lost

1625557394419	geckodriver	INFO	Listening on 127.0.0.1:12473
1625557397522	mozrunner::runner	INFO	Running command: "C:\\Program Files\\Mozilla Firefox\\firefox.exe" "--marionette" "-foreground" "-no-remote" "-profile" "C:\\Users\\Keshav\\AppData\\Local\\Temp\\rust_mozprofile0z9y8D"
1625557397832	Marionette	INFO	Marionette enabled
console.warn: SearchSettings: "get: No settings file exists, new profile?" (new NotFoundError("Could not open the file at C:\\Users\\Keshav\\AppData\\Local\\Temp\\rust_mozprofile0z9y8D\\search.json.mozlz4", (void 0)))
1625557399719	Marionette	INFO	Listening on port 12481
1625557400192	Marionette	WARN	TLS certificate errors will be ignored for this session
JavaScript error: https://static-exp1.licdn.com/sc/h/ajb1ah7ehtdeiip59j5t4rr5c, line 1: Error: Could not lazy load JS with src https://static-exp1.licdn.com/sc/h/b08gxllvwy6zylnb52u2u7ovr
JavaScript warning: https://static-exp1.licdn.com/sc/h/dpmk9x6naqqv7akeifcbykmzx, line 3734: unreachable code after return statement
JavaScript warning: https://static-exp1.licdn.com/sc/h/di19o491dhsu35evea4rzcn1n, line 6: unreachable code after return statement
JavaScript warning: https://static-exp1.licdn.com/sc/h/di19o491dhsu35evea4rzcn1n, line 6: unreachable code after return statement
JavaScript warning: https://static-exp1.licdn.com/sc/h/1erriemikjfwp52w6xjx3bijg, line 6: unreachable code after return statement
JavaScript warning: https://static-exp1.licdn.com/sc/h/6g2yq76me7qk0rbg31pohxa77, line 6: unreachable code after return statement
JavaScript warning: https://static-exp1.licdn.com/sc/h/3nzivj4g71hkymrb41xa1rnbd, line 6: unreachable code after return statement
JavaScript warning: https://static-exp1.licdn.com/sc/h/bcp86x768c30flcbz2v1clddv, line 6: unreachable code after return statement
JavaScript warning: https://static-exp1.licdn.com/sc/h/18gac1u3kcqd9qqqfg9v613lw, line 6: unreachable code after return statement
console.warn: LoginRecipes: "getRecipes: falling back to a synchronous message for:" "https://www.linkedin.com"
JavaScript warning: https://static-exp1.licdn.com/sc/h/6g2yq76me7qk0rbg31pohxa77, line 6: unreachable code after return statement
JavaScript warning: https://static-exp1.licdn.com/sc/h/1erriemikjfwp52w6xjx3bijg, line 6: unreachable code after return statement
JavaScript error: resource://devtools/server/actors/network-monitor/network-event-actor.js, line 108: Error: Got a request https://static-exp1.licdn.com/sc/h/4bgwdyqe3i965vn8kqpxub8f4 without a browsingContextID set
JavaScript error: resource://devtools/server/actors/network-monitor/network-event-actor.js, line 108: Error: Got a request https://static-exp1.licdn.com/sc/h/dfth9tdbk4s0cwdqncu9die14 without a browsingContextID set
console.warn: "Async method failed in safeAsyncMethod" (new Error("Connection closed, pending request to server0.conn0.child4/domwalker26, type cancelPick failed\n\nRequest stack:\nrequest@resource://devtools/shared/protocol/Front.js:292:14\ngenerateRequestMethods/</frontProto[name]@resource://devtools/shared/protocol/Front/FrontClassWithSpec.js:46:19\ncancelPick@resource://devtools/client/fronts/walker.js:499:18\nexports.safeAsyncMethod/<@resource://devtools/shared/async-utils.js:57:25\n_onInspectorFrontDestroyed@resource://devtools/client/inspector/node-picker.js:113:18\nstop@resource://devtools/client/inspector/node-picker.js:176:18\n_destroyToolbox@resource://devtools/client/framework/toolbox.js:3731:24\ndestroy@resource://devtools/client/framework/toolbox.js:3669:10\ncloseToolbox@resource://devtools/client/framework/toolbox.js:3645:16\nonClick@resource://devtools/client/framework/components/ToolboxToolbar.js:456:26\ninvokeGuardedCallbackImpl@resource://devtools/client/shared/vendor/react-dom.js:74:10\ninvokeGuardedCallback@resource://devtools/client/shared/vendor/react-dom.js:111:29\ninvokeGuardedCallbackAndCatchFirstError@resource://devtools/client/shared/vendor/react-dom.js:125:25\nexecuteDispatch@resource://devtools/client/shared/vendor/react-dom.js:346:42\nexecuteDispatchesInOrder@resource://devtools/client/shared/vendor/react-dom.js:365:20\nexecuteDispatchesAndRelease@resource://devtools/client/shared/vendor/react-dom.js:462:29\nexecuteDispatchesAndReleaseTopLevel@resource://devtools/client/shared/vendor/react-dom.js:470:10\nforEachAccumulated@resource://devtools/client/shared/vendor/react-dom.js:444:8\nrunEventsInBatch@resource://devtools/client/shared/vendor/react-dom.js:598:21\nrunExtractedEventsInBatch@resource://devtools/client/shared/vendor/react-dom.js:606:19\nhandleTopLevel@resource://devtools/client/shared/vendor/react-dom.js:4272:30\nbatchedUpdates$1@resource://devtools/client/shared/vendor/react-dom.js:15752:12\nbatchedUpdates@resource://devtools/client/shared/vendor/react-dom.js:1882:12\ndispatchEvent@resource://devtools/client/shared/vendor/react-dom.js:4351:19\ninteractiveUpdates$1/<@resource://devtools/client/shared/vendor/react-dom.js:15803:14\nunstable_runWithPriority@resource://devtools/client/shared/vendor/react.js:617:12\ninteractiveUpdates$1@resource://devtools/client/shared/vendor/react-dom.js:15802:12\ninteractiveUpdates@resource://devtools/client/shared/vendor/react-dom.js:1901:10\ndispatchInteractiveEvent@resource://devtools/client/shared/vendor/react-dom.js:4328:21\n", "resource://devtools/shared/protocol/Front.js", 103))
1625557452596	Marionette	INFO	Stopped listening on port 12481

###!!! [Child][RunMessage] Error: Channel closing: too late to send/recv, messages will be lost

1625557469974	geckodriver	INFO	Listening on 127.0.0.1:12629
1625557473078	mozrunner::runner	INFO	Running command: "C:\\Program Files\\Mozilla Firefox\\firefox.exe" "--marionette" "-foreground" "-no-remote" "-profile" "C:\\Users\\Keshav\\AppData\\Local\\Temp\\rust_mozprofile1tQZMW"
1625557473376	Marionette	INFO	Marionette enabled
console.warn: SearchSettings: "get: No settings file exists, new profile?" (new NotFoundError("Could not open the file at C:\\Users\\Keshav\\AppData\\Local\\Temp\\rust_mozprofile1tQZMW\\search.json.mozlz4", (void 0)))
1625557475367	Marionette	INFO	Listening on port 12637
1625557475735	Marionette	WARN	TLS certificate errors will be ignored for this session
JavaScript error: https://static-exp1.licdn.com/sc/h/ajb1ah7ehtdeiip59j5t4rr5c, line 1: Error: Could not lazy load JS with src https://static-exp1.licdn.com/sc/h/b08gxllvwy6zylnb52u2u7ovr
JavaScript warning: https://static-exp1.licdn.com/sc/h/dpmk9x6naqqv7akeifcbykmzx, line 3734: unreachable code after return statement
JavaScript warning: https://static-exp1.licdn.com/sc/h/di19o491dhsu35evea4rzcn1n, line 6: unreachable code after return statement
JavaScript warning: https://static-exp1.licdn.com/sc/h/di19o491dhsu35evea4rzcn1n, line 6: unreachable code after return statement
JavaScript warning: https://static-exp1.licdn.com/sc/h/1erriemikjfwp52w6xjx3bijg, line 6: unreachable code after return statement
JavaScript warning: https://static-exp1.licdn.com/sc/h/6g2yq76me7qk0rbg31pohxa77, line 6: unreachable code after return statement
JavaScript warning: https://static-exp1.licdn.com/sc/h/3nzivj4g71hkymrb41xa1rnbd, line 6: unreachable code after return statement
JavaScript warning: https://static-exp1.licdn.com/sc/h/bcp86x768c30flcbz2v1clddv, line 6: unreachable code after return statement
JavaScript warning: https://static-exp1.licdn.com/sc/h/18gac1u3kcqd9qqqfg9v613lw, line 6: unreachable code after return statement
JavaScript warning: https://static-exp1.licdn.com/sc/h/1erriemikjfwp52w6xjx3bijg, line 6: unreachable code after return statement
JavaScript warning: https://static-exp1.licdn.com/sc/h/6g2yq76me7qk0rbg31pohxa77, line 6: unreachable code after return statement
JavaScript error: resource://devtools/server/actors/network-monitor/network-event-actor.js, line 108: Error: Got a request https://static-exp1.licdn.com/sc/h/4bgwdyqe3i965vn8kqpxub8f4 without a browsingContextID set
JavaScript error: resource://devtools/server/actors/network-monitor/network-event-actor.js, line 108: Error: Got a request https://static-exp1.licdn.com/sc/h/dfth9tdbk4s0cwdqncu9die14 without a browsingContextID set
console.warn: LoginRecipes: "getRecipes: falling back to a synchronous message for:" "https://www.linkedin.com"
JavaScript error: resource://devtools/server/actors/network-monitor/network-event-actor.js, line 108: Error: Got a request https://static-exp1.licdn.com/sc/h/4bgwdyqe3i965vn8kqpxub8f4 without a browsingContextID set
JavaScript error: resource://devtools/server/actors/network-monitor/network-event-actor.js, line 108: Error: Got a request https://static-exp1.licdn.com/sc/h/dfth9tdbk4s0cwdqncu9die14 without a browsingContextID set
JavaScript warning: https://static-exp1.licdn.com/sc/h/1erriemikjfwp52w6xjx3bijg, line 6: unreachable code after return statement
JavaScript warning: https://static-exp1.licdn.com/sc/h/6g2yq76me7qk0rbg31pohxa77, line 6: unreachable code after return statement
1625557595063	Marionette	INFO	Stopped listening on port 12637

###!!! [Child][RunMessage] Error: Channel closing: too late to send/recv, messages will be lost

1625557598170	geckodriver	INFO	Listening on 127.0.0.1:12806
1625557601275	mozrunner::runner	INFO	Running command: "C:\\Program Files\\Mozilla Firefox\\firefox.exe" "--marionette" "-foreground" "-no-remote" "-profile" "C:\\Users\\Keshav\\AppData\\Local\\Temp\\rust_mozprofile86s4C4"
1625557601567	Marionette	INFO	Marionette enabled
console.warn: SearchSettings: "get: No settings file exists, new profile?" (new NotFoundError("Could not open the file at C:\\Users\\Keshav\\AppData\\Local\\Temp\\rust_mozprofile86s4C4\\search.json.mozlz4", (void 0)))
1625557603358	Marionette	INFO	Listening on port 12814
1625557603410	Marionette	WARN	TLS certificate errors will be ignored for this session
JavaScript error: https://static-exp1.licdn.com/sc/h/ajb1ah7ehtdeiip59j5t4rr5c, line 1: Error: Could not lazy load JS with src https://static-exp1.licdn.com/sc/h/b08gxllvwy6zylnb52u2u7ovr
JavaScript warning: https://static-exp1.licdn.com/sc/h/dpmk9x6naqqv7akeifcbykmzx, line 3734: unreachable code after return statement
JavaScript warning: https://static-exp1.licdn.com/sc/h/di19o491dhsu35evea4rzcn1n, line 6: unreachable code after return statement
JavaScript warning: https://static-exp1.licdn.com/sc/h/di19o491dhsu35evea4rzcn1n, line 6: unreachable code after return statement
JavaScript warning: https://static-exp1.licdn.com/sc/h/1erriemikjfwp52w6xjx3bijg, line 6: unreachable code after return statement
JavaScript warning: https://static-exp1.licdn.com/sc/h/6g2yq76me7qk0rbg31pohxa77, line 6: unreachable code after return statement
JavaScript warning: https://static-exp1.licdn.com/sc/h/3nzivj4g71hkymrb41xa1rnbd, line 6: unreachable code after return statement
JavaScript warning: https://static-exp1.licdn.com/sc/h/bcp86x768c30flcbz2v1clddv, line 6: unreachable code after return statement
JavaScript warning: https://static-exp1.licdn.com/sc/h/18gac1u3kcqd9qqqfg9v613lw, line 6: unreachable code after return statement
console.warn: LoginRecipes: "getRecipes: falling back to a synchronous message for:" "https://www.linkedin.com"
JavaScript warning: https://static-exp1.licdn.com/sc/h/1erriemikjfwp52w6xjx3bijg, line 6: unreachable code after return statement
JavaScript warning: https://static-exp1.licdn.com/sc/h/6g2yq76me7qk0rbg31pohxa77, line 6: unreachable code after return statement
JavaScript error: resource://devtools/server/actors/network-monitor/network-event-actor.js, line 108: Error: Got a request https://static-exp1.licdn.com/sc/h/4bgwdyqe3i965vn8kqpxub8f4 without a browsingContextID set
JavaScript error: resource://devtools/server/actors/network-monitor/network-event-actor.js, line 108: Error: Got a request https://static-exp1.licdn.com/sc/h/dfth9tdbk4s0cwdqncu9die14 without a browsingContextID set
[Child 19892, IPC I/O Child] WARNING: pipe error: 232: file /builds/worker/checkouts/gecko/ipc/chromium/src/chrome/common/ipc_channel_win.cc:544
1625557720654	Marionette	INFO	Stopped listening on port 12814
1625557910259	geckodriver	INFO	Listening on 127.0.0.1:12988
1625557913409	mozrunner::runner	INFO	Running command: "C:\\Program Files\\Mozilla Firefox\\firefox.exe" "--marionette" "-foreground" "-no-remote" "-profile" "C:\\Users\\Keshav\\AppData\\Local\\Temp\\rust_mozprofileczSuvv"
1625557913701	Marionette	INFO	Marionette enabled
console.warn: SearchSettings: "get: No settings file exists, new profile?" (new NotFoundError("Could not open the file at C:\\Users\\Keshav\\AppData\\Local\\Temp\\rust_mozprofileczSuvv\\search.json.mozlz4", (void 0)))
1625557915525	Marionette	INFO	Listening on port 12996
1625557915557	Marionette	WARN	TLS certificate errors will be ignored for this session
JavaScript error: https://static-exp1.licdn.com/sc/h/ajb1ah7ehtdeiip59j5t4rr5c, line 1: Error: Could not lazy load JS with src https://static-exp1.licdn.com/sc/h/b08gxllvwy6zylnb52u2u7ovr
JavaScript warning: https://static-exp1.licdn.com/sc/h/dpmk9x6naqqv7akeifcbykmzx, line 3734: unreachable code after return statement
JavaScript warning: https://static-exp1.licdn.com/sc/h/di19o491dhsu35evea4rzcn1n, line 6: unreachable code after return statement
JavaScript warning: https://static-exp1.licdn.com/sc/h/di19o491dhsu35evea4rzcn1n, line 6: unreachable code after return statement
JavaScript warning: https://static-exp1.licdn.com/sc/h/1erriemikjfwp52w6xjx3bijg, line 6: unreachable code after return statement
JavaScript warning: https://static-exp1.licdn.com/sc/h/6g2yq76me7qk0rbg31pohxa77, line 6: unreachable code after return statement
JavaScript warning: https://static-exp1.licdn.com/sc/h/3nzivj4g71hkymrb41xa1rnbd, line 6: unreachable code after return statement
JavaScript warning: https://static-exp1.licdn.com/sc/h/bcp86x768c30flcbz2v1clddv, line 6: unreachable code after return statement
JavaScript warning: https://static-exp1.licdn.com/sc/h/18gac1u3kcqd9qqqfg9v613lw, line 6: unreachable code after return statement
1625557948523	Marionette	INFO	Stopped listening on port 12996
1625558444893	geckodriver	INFO	Listening on 127.0.0.1:9836
1625558447996	mozrunner::runner	INFO	Running command: "C:\\Program Files\\Mozilla Firefox\\firefox.exe" "--marionette" "-foreground" "-no-remote" "-profile" "C:\\Users\\Keshav\\AppData\\Local\\Temp\\rust_mozprofileb6u9bH"
1625558448295	Marionette	INFO	Marionette enabled
console.warn: SearchSettings: "get: No settings file exists, new profile?" (new NotFoundError("Could not open the file at C:\\Users\\Keshav\\AppData\\Local\\Temp\\rust_mozprofileb6u9bH\\search.json.mozlz4", (void 0)))
1625558450188	Marionette	INFO	Listening on port 9845
1625558450655	Marionette	WARN	TLS certificate errors will be ignored for this session
JavaScript error: https://static-exp1.licdn.com/sc/h/ajb1ah7ehtdeiip59j5t4rr5c, line 1: Error: Could not lazy load JS with src https://static-exp1.licdn.com/sc/h/b08gxllvwy6zylnb52u2u7ovr
JavaScript warning: https://static-exp1.licdn.com/sc/h/dpmk9x6naqqv7akeifcbykmzx, line 3734: unreachable code after return statement
JavaScript warning: https://static-exp1.licdn.com/sc/h/di19o491dhsu35evea4rzcn1n, line 6: unreachable code after return statement
JavaScript warning: https://static-exp1.licdn.com/sc/h/di19o491dhsu35evea4rzcn1n, line 6: unreachable code after return statement
[Child 8056, IPC I/O Child] WARNING: pipe error: 232: file /builds/worker/checkouts/gecko/ipc/chromium/src/chrome/common/ipc_channel_win.cc:544
1625558463887	Marionette	INFO	Stopped listening on port 9845
1625558470122	geckodriver	INFO	Listening on 127.0.0.1:9919
1625558473228	mozrunner::runner	INFO	Running command: "C:\\Program Files\\Mozilla Firefox\\firefox.exe" "--marionette" "-foreground" "-no-remote" "-profile" "C:\\Users\\Keshav\\AppData\\Local\\Temp\\rust_mozprofileK594kt"
1625558473530	Marionette	INFO	Marionette enabled
console.warn: SearchSettings: "get: No settings file exists, new profile?" (new NotFoundError("Could not open the file at C:\\Users\\Keshav\\AppData\\Local\\Temp\\rust_mozprofileK594kt\\search.json.mozlz4", (void 0)))
1625558475343	Marionette	INFO	Listening on port 9927
1625558475387	Marionette	WARN	TLS certificate errors will be ignored for this session
JavaScript error: https://static-exp1.licdn.com/sc/h/ajb1ah7ehtdeiip59j5t4rr5c, line 1: Error: Could not lazy load JS with src https://static-exp1.licdn.com/sc/h/b08gxllvwy6zylnb52u2u7ovr
JavaScript warning: https://static-exp1.licdn.com/sc/h/dpmk9x6naqqv7akeifcbykmzx, line 3734: unreachable code after return statement
JavaScript warning: https://static-exp1.licdn.com/sc/h/di19o491dhsu35evea4rzcn1n, line 6: unreachable code after return statement
JavaScript warning: https://static-exp1.licdn.com/sc/h/di19o491dhsu35evea4rzcn1n, line 6: unreachable code after return statement
JavaScript warning: https://static-exp1.licdn.com/sc/h/1erriemikjfwp52w6xjx3bijg, line 6: unreachable code after return statement
JavaScript warning: https://static-exp1.licdn.com/sc/h/6g2yq76me7qk0rbg31pohxa77, line 6: unreachable code after return statement
JavaScript warning: https://static-exp1.licdn.com/sc/h/3nzivj4g71hkymrb41xa1rnbd, line 6: unreachable code after return statement
JavaScript warning: https://static-exp1.licdn.com/sc/h/bcp86x768c30flcbz2v1clddv, line 6: unreachable code after return statement
1625558519503	Marionette	INFO	Stopped listening on port 9927
1625558544674	geckodriver	INFO	Listening on 127.0.0.1:10051
1625558547767	mozrunner::runner	INFO	Running command: "C:\\Program Files\\Mozilla Firefox\\firefox.exe" "--marionette" "-foreground" "-no-remote" "-profile" "C:\\Users\\Keshav\\AppData\\Local\\Temp\\rust_mozprofileM8I2VY"
1625558548063	Marionette	INFO	Marionette enabled
console.warn: SearchSettings: "get: No settings file exists, new profile?" (new NotFoundError("Could not open the file at C:\\Users\\Keshav\\AppData\\Local\\Temp\\rust_mozprofileM8I2VY\\search.json.mozlz4", (void 0)))
1625558550082	Marionette	INFO	Listening on port 10059
1625558550437	Marionette	WARN	TLS certificate errors will be ignored for this session
JavaScript error: https://static-exp1.licdn.com/sc/h/ajb1ah7ehtdeiip59j5t4rr5c, line 1: Error: Could not lazy load JS with src https://static-exp1.licdn.com/sc/h/b08gxllvwy6zylnb52u2u7ovr
JavaScript warning: https://static-exp1.licdn.com/sc/h/dpmk9x6naqqv7akeifcbykmzx, line 3734: unreachable code after return statement
JavaScript warning: https://static-exp1.licdn.com/sc/h/di19o491dhsu35evea4rzcn1n, line 6: unreachable code after return statement
JavaScript warning: https://static-exp1.licdn.com/sc/h/di19o491dhsu35evea4rzcn1n, line 6: unreachable code after return statement
JavaScript warning: https://static-exp1.licdn.com/sc/h/1erriemikjfwp52w6xjx3bijg, line 6: unreachable code after return statement
JavaScript warning: https://static-exp1.licdn.com/sc/h/6g2yq76me7qk0rbg31pohxa77, line 6: unreachable code after return statement
JavaScript warning: https://static-exp1.licdn.com/sc/h/3nzivj4g71hkymrb41xa1rnbd, line 6: unreachable code after return statement
JavaScript warning: https://static-exp1.licdn.com/sc/h/bcp86x768c30flcbz2v1clddv, line 6: unreachable code after return statement
1625558562510	Marionette	INFO	Stopped listening on port 10059

###!!! [Child][RunMessage] Error: Channel closing: too late to send/recv, messages will be lost

1625558576764	geckodriver	INFO	Listening on 127.0.0.1:10180
1625558579865	mozrunner::runner	INFO	Running command: "C:\\Program Files\\Mozilla Firefox\\firefox.exe" "--marionette" "-foreground" "-no-remote" "-profile" "C:\\Users\\Keshav\\AppData\\Local\\Temp\\rust_mozprofileHmm8Kw"
1625558580170	Marionette	INFO	Marionette enabled
console.warn: SearchSettings: "get: No settings file exists, new profile?" (new NotFoundError("Could not open the file at C:\\Users\\Keshav\\AppData\\Local\\Temp\\rust_mozprofileHmm8Kw\\search.json.mozlz4", (void 0)))
1625558582151	Marionette	INFO	Listening on port 10188
1625558582542	Marionette	WARN	TLS certificate errors will be ignored for this session
JavaScript error: https://static-exp1.licdn.com/sc/h/ajb1ah7ehtdeiip59j5t4rr5c, line 1: Error: Could not lazy load JS with src https://static-exp1.licdn.com/sc/h/b08gxllvwy6zylnb52u2u7ovr
JavaScript warning: https://static-exp1.licdn.com/sc/h/dpmk9x6naqqv7akeifcbykmzx, line 3734: unreachable code after return statement
JavaScript warning: https://static-exp1.licdn.com/sc/h/di19o491dhsu35evea4rzcn1n, line 6: unreachable code after return statement
JavaScript warning: https://static-exp1.licdn.com/sc/h/di19o491dhsu35evea4rzcn1n, line 6: unreachable code after return statement
JavaScript warning: https://static-exp1.licdn.com/sc/h/1erriemikjfwp52w6xjx3bijg, line 6: unreachable code after return statement
JavaScript warning: https://static-exp1.licdn.com/sc/h/6g2yq76me7qk0rbg31pohxa77, line 6: unreachable code after return statement
JavaScript warning: https://static-exp1.licdn.com/sc/h/3nzivj4g71hkymrb41xa1rnbd, line 6: unreachable code after return statement
JavaScript warning: https://static-exp1.licdn.com/sc/h/bcp86x768c30flcbz2v1clddv, line 6: unreachable code after return statement
console.warn: LoginRecipes: "getRecipes: falling back to a synchronous message for:" "https://www.linkedin.com"
JavaScript warning: https://static-exp1.licdn.com/sc/h/1erriemikjfwp52w6xjx3bijg, line 6: unreachable code after return statement
JavaScript error: resource://devtools/server/actors/network-monitor/network-event-actor.js, line 108: Error: Got a request https://static-exp1.licdn.com/sc/h/4bgwdyqe3i965vn8kqpxub8f4 without a browsingContextID set
JavaScript error: resource://devtools/server/actors/network-monitor/network-event-actor.js, line 108: Error: Got a request https://static-exp1.licdn.com/sc/h/dfth9tdbk4s0cwdqncu9die14 without a browsingContextID set
1625558667377	Marionette	INFO	Stopped listening on port 10188

###!!! [Child][RunMessage] Error: Channel closing: too late to send/recv, messages will be lost

1625558669600	geckodriver	INFO	Listening on 127.0.0.1:10339
1625558672690	mozrunner::runner	INFO	Running command: "C:\\Program Files\\Mozilla Firefox\\firefox.exe" "--marionette" "-foreground" "-no-remote" "-profile" "C:\\Users\\Keshav\\AppData\\Local\\Temp\\rust_mozprofiletVrHbs"
1625558672986	Marionette	INFO	Marionette enabled
console.warn: SearchSettings: "get: No settings file exists, new profile?" (new NotFoundError("Could not open the file at C:\\Users\\Keshav\\AppData\\Local\\Temp\\rust_mozprofiletVrHbs\\search.json.mozlz4", (void 0)))
1625558674824	Marionette	INFO	Listening on port 10350
1625558675337	Marionette	WARN	TLS certificate errors will be ignored for this session
JavaScript error: https://static-exp1.licdn.com/sc/h/ajb1ah7ehtdeiip59j5t4rr5c, line 1: Error: Could not lazy load JS with src https://static-exp1.licdn.com/sc/h/b08gxllvwy6zylnb52u2u7ovr
JavaScript warning: https://static-exp1.licdn.com/sc/h/dpmk9x6naqqv7akeifcbykmzx, line 3734: unreachable code after return statement
JavaScript warning: https://static-exp1.licdn.com/sc/h/di19o491dhsu35evea4rzcn1n, line 6: unreachable code after return statement
JavaScript warning: https://static-exp1.licdn.com/sc/h/di19o491dhsu35evea4rzcn1n, line 6: unreachable code after return statement
JavaScript warning: https://static-exp1.licdn.com/sc/h/1erriemikjfwp52w6xjx3bijg, line 6: unreachable code after return statement
JavaScript warning: https://static-exp1.licdn.com/sc/h/6g2yq76me7qk0rbg31pohxa77, line 6: unreachable code after return statement
JavaScript warning: https://static-exp1.licdn.com/sc/h/3nzivj4g71hkymrb41xa1rnbd, line 6: unreachable code after return statement
JavaScript warning: https://static-exp1.licdn.com/sc/h/bcp86x768c30flcbz2v1clddv, line 6: unreachable code after return statement
JavaScript error: resource:///modules/UrlbarInput.jsm, line 2906: TypeError: event.target.closest is not a function
1625558719842	Marionette	INFO	Stopped listening on port 10350

###!!! [Child][RunMessage] Error: Channel closing: too late to send/recv, messages will be lost

1625558747715	geckodriver	INFO	Listening on 127.0.0.1:10477
1625558750829	mozrunner::runner	INFO	Running command: "C:\\Program Files\\Mozilla Firefox\\firefox.exe" "--marionette" "-foreground" "-no-remote" "-profile" "C:\\Users\\Keshav\\AppData\\Local\\Temp\\rust_mozprofile8oBBih"
1625558751132	Marionette	INFO	Marionette enabled
console.warn: SearchSettings: "get: No settings file exists, new profile?" (new NotFoundError("Could not open the file at C:\\Users\\Keshav\\AppData\\Local\\Temp\\rust_mozprofile8oBBih\\search.json.mozlz4", (void 0)))
1625558753082	Marionette	INFO	Listening on port 10485
1625558753500	Marionette	WARN	TLS certificate errors will be ignored for this session
JavaScript error: https://static-exp1.licdn.com/sc/h/ajb1ah7ehtdeiip59j5t4rr5c, line 1: Error: Could not lazy load JS with src https://static-exp1.licdn.com/sc/h/b08gxllvwy6zylnb52u2u7ovr
JavaScript warning: https://static-exp1.licdn.com/sc/h/dpmk9x6naqqv7akeifcbykmzx, line 3734: unreachable code after return statement
JavaScript warning: https://static-exp1.licdn.com/sc/h/di19o491dhsu35evea4rzcn1n, line 6: unreachable code after return statement
JavaScript warning: https://static-exp1.licdn.com/sc/h/di19o491dhsu35evea4rzcn1n, line 6: unreachable code after return statement
JavaScript warning: https://static-exp1.licdn.com/sc/h/1erriemikjfwp52w6xjx3bijg, line 6: unreachable code after return statement
JavaScript warning: https://static-exp1.licdn.com/sc/h/6g2yq76me7qk0rbg31pohxa77, line 6: unreachable code after return statement
JavaScript warning: https://static-exp1.licdn.com/sc/h/3nzivj4g71hkymrb41xa1rnbd, line 6: unreachable code after return statement
JavaScript warning: https://static-exp1.licdn.com/sc/h/bcp86x768c30flcbz2v1clddv, line 6: unreachable code after return statement
JavaScript warning: https://static-exp1.licdn.com/sc/h/1erriemikjfwp52w6xjx3bijg, line 6: unreachable code after return statement
JavaScript error: resource://devtools/server/actors/network-monitor/network-event-actor.js, line 108: Error: Got a request https://static-exp1.licdn.com/sc/h/4bgwdyqe3i965vn8kqpxub8f4 without a browsingContextID set
JavaScript error: resource://devtools/server/actors/network-monitor/network-event-actor.js, line 108: Error: Got a request https://static-exp1.licdn.com/sc/h/dfth9tdbk4s0cwdqncu9die14 without a browsingContextID set
JavaScript warning: https://static-exp1.licdn.com/sc/h/dpmk9x6naqqv7akeifcbykmzx, line 3734: unreachable code after return statement
JavaScript warning: https://static-exp1.licdn.com/sc/h/di19o491dhsu35evea4rzcn1n, line 6: unreachable code after return statement
JavaScript warning: https://static-exp1.licdn.com/sc/h/di19o491dhsu35evea4rzcn1n, line 6: unreachable code after return statement
JavaScript warning: https://static-exp1.licdn.com/sc/h/1erriemikjfwp52w6xjx3bijg, line 6: unreachable code after return statement
JavaScript warning: https://static-exp1.licdn.com/sc/h/6g2yq76me7qk0rbg31pohxa77, line 6: unreachable code after return statement
JavaScript warning: https://static-exp1.licdn.com/sc/h/3nzivj4g71hkymrb41xa1rnbd, line 6: unreachable code after return statement
JavaScript warning: https://static-exp1.licdn.com/sc/h/bcp86x768c30flcbz2v1clddv, line 6: unreachable code after return statement
JavaScript error: resource://devtools/server/actors/network-monitor/network-event-actor.js, line 108: Error: Got a request https://static-exp1.licdn.com/sc/h/4bgwdyqe3i965vn8kqpxub8f4 without a browsingContextID set
JavaScript error: resource://devtools/server/actors/network-monitor/network-event-actor.js, line 108: Error: Got a request https://static-exp1.licdn.com/sc/h/dfth9tdbk4s0cwdqncu9die14 without a browsingContextID set
JavaScript warning: https://static-exp1.licdn.com/sc/h/1erriemikjfwp52w6xjx3bijg, line 6: unreachable code after return statement
JavaScript error: resource://devtools/server/actors/network-monitor/network-event-actor.js, line 108: Error: Got a request https://static-exp1.licdn.com/sc/h/4bgwdyqe3i965vn8kqpxub8f4 without a browsingContextID set
JavaScript error: resource://devtools/server/actors/network-monitor/network-event-actor.js, line 108: Error: Got a request https://static-exp1.licdn.com/sc/h/dfth9tdbk4s0cwdqncu9die14 without a browsingContextID set
JavaScript warning: https://static-exp1.licdn.com/sc/h/1erriemikjfwp52w6xjx3bijg, line 6: unreachable code after return statement
1625558927567	Marionette	INFO	Stopped listening on port 10485
1625558964836	geckodriver	INFO	Listening on 127.0.0.1:10733
1625558967928	mozrunner::runner	INFO	Running command: "C:\\Program Files\\Mozilla Firefox\\firefox.exe" "--marionette" "-foreground" "-no-remote" "-profile" "C:\\Users\\Keshav\\AppData\\Local\\Temp\\rust_mozprofileTVQPI1"
1625558968236	Marionette	INFO	Marionette enabled
console.warn: SearchSettings: "get: No settings file exists, new profile?" (new NotFoundError("Could not open the file at C:\\Users\\Keshav\\AppData\\Local\\Temp\\rust_mozprofileTVQPI1\\search.json.mozlz4", (void 0)))
1625558970027	Marionette	INFO	Listening on port 10742
1625558970070	Marionette	WARN	TLS certificate errors will be ignored for this session
JavaScript error: https://static-exp1.licdn.com/sc/h/ajb1ah7ehtdeiip59j5t4rr5c, line 1: Error: Could not lazy load JS with src https://static-exp1.licdn.com/sc/h/b08gxllvwy6zylnb52u2u7ovr
JavaScript warning: https://static-exp1.licdn.com/sc/h/dpmk9x6naqqv7akeifcbykmzx, line 3734: unreachable code after return statement
JavaScript warning: https://static-exp1.licdn.com/sc/h/di19o491dhsu35evea4rzcn1n, line 6: unreachable code after return statement
JavaScript warning: https://static-exp1.licdn.com/sc/h/di19o491dhsu35evea4rzcn1n, line 6: unreachable code after return statement
JavaScript warning: https://static-exp1.licdn.com/sc/h/1erriemikjfwp52w6xjx3bijg, line 6: unreachable code after return statement
JavaScript warning: https://static-exp1.licdn.com/sc/h/6g2yq76me7qk0rbg31pohxa77, line 6: unreachable code after return statement
JavaScript warning: https://static-exp1.licdn.com/sc/h/3nzivj4g71hkymrb41xa1rnbd, line 6: unreachable code after return statement
JavaScript warning: https://static-exp1.licdn.com/sc/h/bcp86x768c30flcbz2v1clddv, line 6: unreachable code after return statement
JavaScript warning: https://static-exp1.licdn.com/sc/h/5gwk4yescvesqfy07870i0pnx, line 6: unreachable code after return statement
JavaScript warning: https://static-exp1.licdn.com/sc/h/172sw646w0797l6492udzcbjs, line 6: unreachable code after return statement
1625559267176	Marionette	INFO	Stopped listening on port 10742
1625559277134	geckodriver	INFO	Listening on 127.0.0.1:10909
1625559280232	mozrunner::runner	INFO	Running command: "C:\\Program Files\\Mozilla Firefox\\firefox.exe" "--marionette" "-foreground" "-no-remote" "-profile" "C:\\Users\\Keshav\\AppData\\Local\\Temp\\rust_mozprofileysBpGW"
1625559280518	Marionette	INFO	Marionette enabled
console.warn: SearchSettings: "get: No settings file exists, new profile?" (new NotFoundError("Could not open the file at C:\\Users\\Keshav\\AppData\\Local\\Temp\\rust_mozprofileysBpGW\\search.json.mozlz4", (void 0)))
1625559282403	Marionette	INFO	Listening on port 10917
1625559282891	Marionette	WARN	TLS certificate errors will be ignored for this session
JavaScript error: https://static-exp1.licdn.com/sc/h/ajb1ah7ehtdeiip59j5t4rr5c, line 1: Error: Could not lazy load JS with src https://static-exp1.licdn.com/sc/h/b08gxllvwy6zylnb52u2u7ovr
JavaScript warning: https://static-exp1.licdn.com/sc/h/dpmk9x6naqqv7akeifcbykmzx, line 3734: unreachable code after return statement
JavaScript warning: https://static-exp1.licdn.com/sc/h/di19o491dhsu35evea4rzcn1n, line 6: unreachable code after return statement
JavaScript warning: https://static-exp1.licdn.com/sc/h/di19o491dhsu35evea4rzcn1n, line 6: unreachable code after return statement
JavaScript warning: https://static-exp1.licdn.com/sc/h/1erriemikjfwp52w6xjx3bijg, line 6: unreachable code after return statement
JavaScript warning: https://static-exp1.licdn.com/sc/h/6g2yq76me7qk0rbg31pohxa77, line 6: unreachable code after return statement
JavaScript warning: https://static-exp1.licdn.com/sc/h/3nzivj4g71hkymrb41xa1rnbd, line 6: unreachable code after return statement
JavaScript warning: https://static-exp1.licdn.com/sc/h/bcp86x768c30flcbz2v1clddv, line 6: unreachable code after return statement
JavaScript warning: https://static-exp1.licdn.com/sc/h/1erriemikjfwp52w6xjx3bijg, line 6: unreachable code after return statement
JavaScript error: resource://devtools/server/actors/network-monitor/network-event-actor.js, line 108: Error: Got a request https://static-exp1.licdn.com/sc/h/4bgwdyqe3i965vn8kqpxub8f4 without a browsingContextID set
JavaScript error: resource://devtools/server/actors/network-monitor/network-event-actor.js, line 108: Error: Got a request https://static-exp1.licdn.com/sc/h/dfth9tdbk4s0cwdqncu9die14 without a browsingContextID set
JavaScript error: resource://devtools/server/actors/network-monitor/network-event-actor.js, line 108: Error: Got a request https://static-exp1.licdn.com/sc/h/4bgwdyqe3i965vn8kqpxub8f4 without a browsingContextID set
JavaScript error: resource://devtools/server/actors/network-monitor/network-event-actor.js, line 108: Error: Got a request https://static-exp1.licdn.com/sc/h/dfth9tdbk4s0cwdqncu9die14 without a browsingContextID set
JavaScript warning: https://static-exp1.licdn.com/sc/h/1erriemikjfwp52w6xjx3bijg, line 6: unreachable code after return statement
JavaScript error: resource://devtools/server/actors/network-monitor/network-event-actor.js, line 108: Error: Got a request https://static-exp1.licdn.com/sc/h/4bgwdyqe3i965vn8kqpxub8f4 without a browsingContextID set
JavaScript error: resource://devtools/server/actors/network-monitor/network-event-actor.js, line 108: Error: Got a request https://static-exp1.licdn.com/sc/h/dfth9tdbk4s0cwdqncu9die14 without a browsingContextID set
JavaScript warning: https://static-exp1.licdn.com/sc/h/1erriemikjfwp52w6xjx3bijg, line 6: unreachable code after return statement
console.error: (new TypeError("parent is null", "resource://devtools/client/inspector/shared/style-change-tracker.js", 67))
TypeError: parent is null: canMutationImpactCurrentStyles@resource://devtools/client/inspector/shared/style-change-tracker.js:67:24
onMutations@resource://devtools/client/inspector/shared/style-change-tracker.js:84:41
_emit@resource://devtools/shared/event-emitter.js:226:34
emit@resource://devtools/shared/event-emitter.js:172:18
emit@resource://devtools/shared/event-emitter.js:324:18
getMutations@resource://devtools/client/fronts/walker.js:311:10


###!!! [Child][MessageChannel] Error: (msgtype=0x590008,na1625559536429	mozrunner::runner	INFO	Running command: "C:\\Program Files\\Mozilla Firefox\\firefox.exe" "--marionette" "-foreground" "-no-remote" "-profile" "C:\\Users\\Keshav\\AppData\\Local\\Temp\\rust_mozprofilebc4xK1"
1625559536759	Marionette	INFO	Marionette enabled
console.warn: SearchSettings: "get: No settings file exists, new profile?" (new NotFoundError("Could not open the file at C:\\Users\\Keshav\\AppData\\Local\\Temp\\rust_mozprofilebc4xK1\\search.json.mozlz4", (void 0)))
1625559538760	Marionette	INFO	Listening on port 11089
1625559539099	Marionette	WARN	TLS certificate errors will be ignored for this session
JavaScript error: https://static-exp1.licdn.com/sc/h/ajb1ah7ehtdeiip59j5t4rr5c, line 1: Error: Could not lazy load JS with src https://static-exp1.licdn.com/sc/h/b08gxllvwy6zylnb52u2u7ovr
JavaScript warning: https://static-exp1.licdn.com/sc/h/dpmk9x6naqqv7akeifcbykmzx, line 3734: unreachable code after return statement
JavaScript warning: https://static-exp1.licdn.com/sc/h/di19o491dhsu35evea4rzcn1n, line 6: unreachable code after return statement
JavaScript warning: https://static-exp1.licdn.com/sc/h/di19o491dhsu35evea4rzcn1n, line 6: unreachable code after return statement
JavaScript warning: https://static-exp1.licdn.com/sc/h/1erriemikjfwp52w6xjx3bijg, line 6: unreachable code after return statement
JavaScript warning: https://static-exp1.licdn.com/sc/h/6g2yq76me7qk0rbg31pohxa77, line 6: unreachable code after return statement
JavaScript warning: https://static-exp1.licdn.com/sc/h/3nzivj4g71hkymrb41xa1rnbd, line 6: unreachable code after return statement
JavaScript warning: https://static-exp1.licdn.com/sc/h/bcp86x768c30flcbz2v1clddv, line 6: unreachable code after return statement

###!!! [Child][MessageChannel] Error: (msgtype=0x590008,name=PHttpChannel::Msg_DeletingChannel) Channel closing: too late to send/recv, messages will be lost

1625559816438	Marionette	INFO	Stopped listening on port 11089

###!!! [Child][RunMessage] Error: Channel closing: too late to send/recv, messages will be lost

led
console.warn: SearchSettings: "get: No settings file exists, new profile?" (new NotFoundError("Could not open the file at C:\\Users\\Keshav\\AppData\\Local\\Temp\\rust_mozprofileGE8LEg\\search.json.mozlz4", (void 0)))
1625559588790	Marionette	INFO	Listening on port 11229
1625559589185	Marionette	WARN	TLS certificate errors will be ignored for this session
JavaScript error: https://static-exp1.licdn.com/sc/h/ajb1ah7ehtdeiip59j5t4rr5c, line 1: Error: Could not lazy load JS with src https://static-exp1.licdn.com/sc/h/b08gxllvwy6zylnb52u2u7ovr
JavaScript warning: https://static-exp1.licdn.com/sc/h/dpmk9x6naqqv7akeifcbykmzx, line 3734: unreachable code after return statement
JavaScript warning: https://static-exp1.licdn.com/sc/h/di19o491dhsu35evea4rzcn1n, line 6: unreachable code after return statement
JavaScript warning: https://static-exp1.licdn.com/sc/h/di19o491dhsu35evea4rzcn1n, line 6: unreachable code after return statement
JavaScript warning: https://static-exp1.licdn.com/sc/h/1erriemikjfwp52w6xjx3bijg, line 6: unreachable code after return statement
JavaScript warning: https://static-exp1.licdn.com/sc/h/6g2yq76me7qk0rbg31pohxa77, line 6: unreachable code after return statement
JavaScript warning: https://static-exp1.licdn.com/sc/h/3nzivj4g71hkymrb41xa1rnbd, line 6: unreachable code after return statement
JavaScript warning: https://static-exp1.licdn.com/sc/h/bcp86x768c30flcbz2v1clddv, line 6: unreachable code after return statement
JavaScript warning: https://static-exp1.licdn.com/sc/h/1erriemikjfwp52w6xjx3bijg, line 6: unreachable code after return statement
JavaScript error: resource://devtools/server/actors/network-monitor/network-event-actor.js, line 108: Error: Got a request https://static-exp1.licdn.com/sc/h/4bgwdyqe3i965vn8kqpxub8f4 without a browsingContextID set
JavaScript error: resource://devtools/server/actors/network-monitor/network-event-actor.js, line 108: Error: Got a request https://static-exp1.licdn.com/sc/h/dfth9tdbk4s0cwdqncu9die14 without a browsingContextID set
1625559818525	Marionette	INFO	Stopped listening on port 11229

###!!! [Child][RunMessage] Error: Channel closing: too late to send/recv, messages will be lost

"--marionette" "-foreground" "-no-remote" "-profile" "C:\\Users\\Keshav\\AppData\\Local\\Temp\\rust_mozprofilePT08QJ"
1625559764978	Marionette	INFO	Marionette enabled
console.warn: SearchSettings: "get: No settings file exists, new profile?" (new NotFoundError("Could not open the file at C:\\Users\\Keshav\\AppData\\Local\\Temp\\rust_mozprofilePT08QJ\\search.json.mozlz4", (void 0)))
1625559766936	Marionette	INFO	Listening on port 11386
1625559767342	Marionette	WARN	TLS certificate errors will be ignored for this session
JavaScript error: https://static-exp1.licdn.com/sc/h/ajb1ah7ehtdeiip59j5t4rr5c, line 1: Error: Could not lazy load JS with src https://static-exp1.licdn.com/sc/h/b08gxllvwy6zylnb52u2u7ovr
JavaScript warning: https://static-exp1.licdn.com/sc/h/dpmk9x6naqqv7akeifcbykmzx, line 3734: unreachable code after return statement
JavaScript warning: https://static-exp1.licdn.com/sc/h/di19o491dhsu35evea4rzcn1n, line 6: unreachable code after return statement
JavaScript warning: https://static-exp1.licdn.com/sc/h/di19o491dhsu35evea4rzcn1n, line 6: unreachable code after return statement
JavaScript warning: https://static-exp1.licdn.com/sc/h/1erriemikjfwp52w6xjx3bijg, line 6: unreachable code after return statement
JavaScript warning: https://static-exp1.licdn.com/sc/h/6g2yq76me7qk0rbg31pohxa77, line 6: unreachable code after return statement
JavaScript warning: https://static-exp1.licdn.com/sc/h/3nzivj4g71hkymrb41xa1rnbd, line 6: unreachable code after return statement
JavaScript warning: https://static-exp1.licdn.com/sc/h/bcp86x768c30flcbz2v1clddv, line 6: unreachable code after return statement
JavaScript warning: https://static-exp1.licdn.com/sc/h/1erriemikjfwp52w6xjx3bijg, line 6: unreachable code after return statement
JavaScript error: resource://devtools/server/actors/network-monitor/network-event-actor.js, line 108: Error: Got a request https://static-exp1.licdn.com/sc/h/4bgwdyqe3i965vn8kqpxub8f4 without a browsingContextID set
JavaScript error: resource://devtools/server/actors/network-monitor/network-event-actor.js, line 108: Error: Got a request https://static-exp1.licdn.com/sc/h/dfth9tdbk4s0cwdqncu9die14 without a browsingContextID set
1625559847953	Marionette	INFO	Stopped listening on port 11386

###!!! [Child][RunMessage] Error: Channel closing: too late to send/recv, messages will be lost

1625559858097	geckodriver	INFO	Listening on 127.0.0.1:11524
1625559861212	mozrunner::runner	INFO	Running command: "C:\\Program Files\\Mozilla Firefox\\firefox.exe" "--marionette" "-foreground" "-no-remote" "-profile" "C:\\Users\\Keshav\\AppData\\Local\\Temp\\rust_mozprofileOB8jD7"
1625559861512	Marionette	INFO	Marionette enabled
console.warn: SearchSettings: "get: No settings file exists, new profile?" (new NotFoundError("Could not open the file at C:\\Users\\Keshav\\AppData\\Local\\Temp\\rust_mozprofileOB8jD7\\search.json.mozlz4", (void 0)))
1625559863464	Marionette	INFO	Listening on port 11532
1625559863896	Marionette	WARN	TLS certificate errors will be ignored for this session
JavaScript error: https://static-exp1.licdn.com/sc/h/ajb1ah7ehtdeiip59j5t4rr5c, line 1: Error: Could not lazy load JS with src https://static-exp1.licdn.com/sc/h/b08gxllvwy6zylnb52u2u7ovr
JavaScript warning: https://static-exp1.licdn.com/sc/h/dpmk9x6naqqv7akeifcbykmzx, line 3734: unreachable code after return statement
JavaScript warning: https://static-exp1.licdn.com/sc/h/di19o491dhsu35evea4rzcn1n, line 6: unreachable code after return statement
JavaScript warning: https://static-exp1.licdn.com/sc/h/di19o491dhsu35evea4rzcn1n, line 6: unreachable code after return statement
JavaScript warning: https://static-exp1.licdn.com/sc/h/1erriemikjfwp52w6xjx3bijg, line 6: unreachable code after return statement
JavaScript warning: https://static-exp1.licdn.com/sc/h/6g2yq76me7qk0rbg31pohxa77, line 6: unreachable code after return statement
JavaScript warning: https://static-exp1.licdn.com/sc/h/3nzivj4g71hkymrb41xa1rnbd, line 6: unreachable code after return statement
JavaScript warning: https://static-exp1.licdn.com/sc/h/bcp86x768c30flcbz2v1clddv, line 6: unreachable code after return statement
JavaScript warning: https://static-exp1.licdn.com/sc/h/1erriemikjfwp52w6xjx3bijg, line 6: unreachable code after return statement
JavaScript error: resource://devtools/server/actors/network-monitor/network-event-actor.js, line 108: Error: Got a request https://static-exp1.licdn.com/sc/h/4bgwdyqe3i965vn8kqpxub8f4 without a browsingContextID set
JavaScript error: resource://devtools/server/actors/network-monitor/network-event-actor.js, line 108: Error: Got a request https://static-exp1.licdn.com/sc/h/dfth9tdbk4s0cwdqncu9die14 without a browsingContextID set

###!!! [Child][RunMessage] Error: Channel closing: too late to send/recv, messages will be lost

1625559914768	Marionette	INFO	Stopped listening on port 11532
1625559928977	geckodriver	INFO	Listening on 127.0.0.1:11694
1625559932074	mozrunner::runner	INFO	Running command: "C:\\Program Files\\Mozilla Firefox\\firefox.exe" "--marionette" "-foreground" "-no-remote" "-profile" "C:\\Users\\Keshav\\AppData\\Local\\Temp\\rust_mozprofileowDKkJ"
1625559932400	Marionette	INFO	Marionette enabled
console.warn: SearchSettings: "get: No settings file exists, new profile?" (new NotFoundError("Could not open the file at C:\\Users\\Keshav\\AppData\\Local\\Temp\\rust_mozprofileowDKkJ\\search.json.mozlz4", (void 0)))
1625559934273	Marionette	INFO	Listening on port 11707
1625559934729	Marionette	WARN	TLS certificate errors will be ignored for this session
JavaScript error: https://static-exp1.licdn.com/sc/h/ajb1ah7ehtdeiip59j5t4rr5c, line 1: Error: Could not lazy load JS with src https://static-exp1.licdn.com/sc/h/b08gxllvwy6zylnb52u2u7ovr
JavaScript warning: https://static-exp1.licdn.com/sc/h/dpmk9x6naqqv7akeifcbykmzx, line 3734: unreachable code after return statement
JavaScript warning: https://static-exp1.licdn.com/sc/h/di19o491dhsu35evea4rzcn1n, line 6: unreachable code after return statement
JavaScript warning: https://static-exp1.licdn.com/sc/h/di19o491dhsu35evea4rzcn1n, line 6: unreachable code after return statement
JavaScript warning: https://static-exp1.licdn.com/sc/h/1erriemikjfwp52w6xjx3bijg, line 6: unreachable code after return statement
JavaScript warning: https://static-exp1.licdn.com/sc/h/6g2yq76me7qk0rbg31pohxa77, line 6: unreachable code after return statement
JavaScript warning: https://static-exp1.licdn.com/sc/h/3nzivj4g71hkymrb41xa1rnbd, line 6: unreachable code after return statement
JavaScript warning: https://static-exp1.licdn.com/sc/h/bcp86x768c30flcbz2v1clddv, line 6: unreachable code after return statement
1625559965035	Marionette	INFO	Stopped listening on port 11707

###!!! [Child][RunMessage] Error: Channel closing: too late to send/recv, messages will be lost

1625559996177	geckodriver	INFO	Listening on 127.0.0.1:11835
1625559999288	mozrunner::runner	INFO	Running command: "C:\\Program Files\\Mozilla Firefox\\firefox.exe" "--marionette" "-foreground" "-no-remote" "-profile" "C:\\Users\\Keshav\\AppData\\Local\\Temp\\rust_mozprofilecstfIv"
1625559999587	Marionette	INFO	Marionette enabled
console.warn: SearchSettings: "get: No settings file exists, new profile?" (new NotFoundError("Could not open the file at C:\\Users\\Keshav\\AppData\\Local\\Temp\\rust_mozprofilecstfIv\\search.json.mozlz4", (void 0)))
1625560001558	Marionette	INFO	Listening on port 11843
1625560001951	Marionette	WARN	TLS certificate errors will be ignored for this session
JavaScript error: https://static-exp1.licdn.com/sc/h/ajb1ah7ehtdeiip59j5t4rr5c, line 1: Error: Could not lazy load JS with src https://static-exp1.licdn.com/sc/h/b08gxllvwy6zylnb52u2u7ovr
JavaScript warning: https://static-exp1.licdn.com/sc/h/dpmk9x6naqqv7akeifcbykmzx, line 3734: unreachable code after return statement
JavaScript warning: https://static-exp1.licdn.com/sc/h/di19o491dhsu35evea4rzcn1n, line 6: unreachable code after return statement
JavaScript warning: https://static-exp1.licdn.com/sc/h/di19o491dhsu35evea4rzcn1n, line 6: unreachable code after return statement
JavaScript warning: https://static-exp1.licdn.com/sc/h/1erriemikjfwp52w6xjx3bijg, line 6: unreachable code after return statement
JavaScript warning: https://static-exp1.licdn.com/sc/h/6g2yq76me7qk0rbg31pohxa77, line 6: unreachable code after return statement
JavaScript warning: https://static-exp1.licdn.com/sc/h/3nzivj4g71hkymrb41xa1rnbd, line 6: unreachable code after return statement
JavaScript warning: https://static-exp1.licdn.com/sc/h/bcp86x768c30flcbz2v1clddv, line 6: unreachable code after return statement
1625560051232	Marionette	INFO	Stopped listening on port 11843

###!!! [Child][RunMessage] Error: Channel closing: too late to send/recv, messages will be lost

1625560059108	geckodriver	INFO	Listening on 127.0.0.1:11971
1625560062215	mozrunner::runner	INFO	Running command: "C:\\Program Files\\Mozilla Firefox\\firefox.exe" "--marionette" "-foreground" "-no-remote" "-profile" "C:\\Users\\Keshav\\AppData\\Local\\Temp\\rust_mozprofileZYGrtg"
1625560062506	Marionette	INFO	Marionette enabled
console.warn: SearchSettings: "get: No settings file exists, new profile?" (new NotFoundError("Could not open the file at C:\\Users\\Keshav\\AppData\\Local\\Temp\\rust_mozprofileZYGrtg\\search.json.mozlz4", (void 0)))
1625560064447	Marionette	INFO	Listening on port 11979
1625560064892	Marionette	WARN	TLS certificate errors will be ignored for this session
JavaScript error: https://static-exp1.licdn.com/sc/h/ajb1ah7ehtdeiip59j5t4rr5c, line 1: Error: Could not lazy load JS with src https://static-exp1.licdn.com/sc/h/b08gxllvwy6zylnb52u2u7ovr
JavaScript warning: https://static-exp1.licdn.com/sc/h/dpmk9x6naqqv7akeifcbykmzx, line 3734: unreachable code after return statement
JavaScript warning: https://static-exp1.licdn.com/sc/h/di19o491dhsu35evea4rzcn1n, line 6: unreachable code after return statement
JavaScript warning: https://static-exp1.licdn.com/sc/h/di19o491dhsu35evea4rzcn1n, line 6: unreachable code after return statement
JavaScript warning: https://static-exp1.licdn.com/sc/h/1erriemikjfwp52w6xjx3bijg, line 6: unreachable code after return statement
JavaScript warning: https://static-exp1.licdn.com/sc/h/6g2yq76me7qk0rbg31pohxa77, line 6: unreachable code after return statement
JavaScript warning: https://static-exp1.licdn.com/sc/h/3nzivj4g71hkymrb41xa1rnbd, line 6: unreachable code after return statement
JavaScript warning: https://static-exp1.licdn.com/sc/h/bcp86x768c30flcbz2v1clddv, line 6: unreachable code after return statement
1625560106422	Marionette	INFO	Stopped listening on port 11979

###!!! [Child][RunMessage] Error: Channel closing: too late to send/recv, messages will be lost

1625560289776	geckodriver	INFO	Listening on 127.0.0.1:12119
1625560292883	mozrunner::runner	INFO	Running command: "C:\\Program Files\\Mozilla Firefox\\firefox.exe" "--marionette" "-foreground" "-no-remote" "-profile" "C:\\Users\\Keshav\\AppData\\Local\\Temp\\rust_mozprofiledbHP1X"
1625560293178	Marionette	INFO	Marionette enabled
console.warn: SearchSettings: "get: No settings file exists, new profile?" (new NotFoundError("Could not open the file at C:\\Users\\Keshav\\AppData\\Local\\Temp\\rust_mozprofiledbHP1X\\search.json.mozlz4", (void 0)))
1625560295089	Marionette	INFO	Listening on port 12127
1625560295540	Marionette	WARN	TLS certificate errors will be ignored for this session
JavaScript error: https://static-exp1.licdn.com/sc/h/ajb1ah7ehtdeiip59j5t4rr5c, line 1: Error: Could not lazy load JS with src https://static-exp1.licdn.com/sc/h/b08gxllvwy6zylnb52u2u7ovr
JavaScript warning: https://static-exp1.licdn.com/sc/h/dpmk9x6naqqv7akeifcbykmzx, line 3734: unreachable code after return statement
JavaScript warning: https://static-exp1.licdn.com/sc/h/di19o491dhsu35evea4rzcn1n, line 6: unreachable code after return statement
JavaScript warning: https://static-exp1.licdn.com/sc/h/di19o491dhsu35evea4rzcn1n, line 6: unreachable code after return statement
JavaScript warning: https://static-exp1.licdn.com/sc/h/1erriemikjfwp52w6xjx3bijg, line 6: unreachable code after return statement
JavaScript warning: https://static-exp1.licdn.com/sc/h/6g2yq76me7qk0rbg31pohxa77, line 6: unreachable code after return statement
JavaScript warning: https://static-exp1.licdn.com/sc/h/3nzivj4g71hkymrb41xa1rnbd, line 6: unreachable code after return statement
JavaScript warning: https://static-exp1.licdn.com/sc/h/bcp86x768c30flcbz2v1clddv, line 6: unreachable code after return statement
JavaScript warning: https://static-exp1.licdn.com/sc/h/1erriemikjfwp52w6xjx3bijg, line 6: unreachable code after return statement
JavaScript error: resource://devtools/server/actors/network-monitor/network-event-actor.js, line 108: Error: Got a request https://static-exp1.licdn.com/sc/h/4bgwdyqe3i965vn8kqpxub8f4 without a browsingContextID set
JavaScript error: resource://devtools/server/actors/network-monitor/network-event-actor.js, line 108: Error: Got a request https://static-exp1.licdn.com/sc/h/dfth9tdbk4s0cwdqncu9die14 without a browsingContextID set
1625560562569	Marionette	INFO	Stopped listening on port 12127

###!!! [Child][RunMessage] Error: Channel closing: too late to send/recv, messages will be lost

"--marionette" "-foreground" "-no-remote" "-profile" "C:\\Users\\Keshav\\AppData\\Local\\Temp\\rust_mozprofileicdE1l"
1625560506285	Marionette	INFO	Marionette enabled
console.warn: SearchSettings: "get: No settings file exists, new profile?" (new NotFoundError("Could not open the file at C:\\Users\\Keshav\\AppData\\Local\\Temp\\rust_mozprofileicdE1l\\search.json.mozlz4", (void 0)))
1625560508178	Marionette	INFO	Listening on port 12336
1625560508677	Marionette	WARN	TLS certificate errors will be ignored for this session
JavaScript error: https://static-exp1.licdn.com/sc/h/ajb1ah7ehtdeiip59j5t4rr5c, line 1: Error: Could not lazy load JS with src https://static-exp1.licdn.com/sc/h/b08gxllvwy6zylnb52u2u7ovr
JavaScript warning: https://static-exp1.licdn.com/sc/h/dpmk9x6naqqv7akeifcbykmzx, line 3734: unreachable code after return statement
JavaScript warning: https://static-exp1.licdn.com/sc/h/di19o491dhsu35evea4rzcn1n, line 6: unreachable code after return statement
JavaScript warning: https://static-exp1.licdn.com/sc/h/di19o491dhsu35evea4rzcn1n, line 6: unreachable code after return statement
JavaScript warning: https://static-exp1.licdn.com/sc/h/1erriemikjfwp52w6xjx3bijg, line 6: unreachable code after return statement
JavaScript warning: https://static-exp1.licdn.com/sc/h/6g2yq76me7qk0rbg31pohxa77, line 6: unreachable code after return statement
JavaScript warning: https://static-exp1.licdn.com/sc/h/3nzivj4g71hkymrb41xa1rnbd, line 6: unreachable code after return statement
JavaScript warning: https://static-exp1.licdn.com/sc/h/bcp86x768c30flcbz2v1clddv, line 6: unreachable code after return statement
IPDL protocol error: Handler returned error code!

###!!! [Parent][DispatchAsyncMessage] Error: PClientManager::Msg_ExpectFutureClientSource Processing error: message was deserialized, but the handler returned false (indicating failure)

IPDL protocol error: Handler returned error code!

###!!! [Parent][DispatchAsyncMessage] Error: PClientManager::Msg_ForgetFutureClientSource Processing error: message was deserialized, but the handler returned false (indicating failure)

1625560547200	Marionette	INFO	Stopped listening on port 12336

###!!! [Child][RunMessage] Error: Channel closing: too late to send/recv, messages will be lost

1625560575257	geckodriver	INFO	Listening on 127.0.0.1:12484
1625560578352	mozrunner::runner	INFO	Running command: "C:\\Program Files\\Mozilla Firefox\\firefox.exe" "--marionette" "-foreground" "-no-remote" "-profile" "C:\\Users\\Keshav\\AppData\\Local\\Temp\\rust_mozprofileITTzmn"
1625560578656	Marionette	INFO	Marionette enabled
console.warn: SearchSettings: "get: No settings file exists, new profile?" (new NotFoundError("Could not open the file at C:\\Users\\Keshav\\AppData\\Local\\Temp\\rust_mozprofileITTzmn\\search.json.mozlz4", (void 0)))
1625560580498	Marionette	INFO	Listening on port 12492
1625560581009	Marionette	WARN	TLS certificate errors will be ignored for this session
JavaScript error: https://static-exp1.licdn.com/sc/h/ajb1ah7ehtdeiip59j5t4rr5c, line 1: Error: Could not lazy load JS with src https://static-exp1.licdn.com/sc/h/b08gxllvwy6zylnb52u2u7ovr
JavaScript warning: https://static-exp1.licdn.com/sc/h/dpmk9x6naqqv7akeifcbykmzx, line 3734: unreachable code after return statement
JavaScript warning: https://static-exp1.licdn.com/sc/h/di19o491dhsu35evea4rzcn1n, line 6: unreachable code after return statement
JavaScript warning: https://static-exp1.licdn.com/sc/h/di19o491dhsu35evea4rzcn1n, line 6: unreachable code after return statement
JavaScript warning: https://static-exp1.licdn.com/sc/h/1erriemikjfwp52w6xjx3bijg, line 6: unreachable code after return statement
JavaScript warning: https://static-exp1.licdn.com/sc/h/6g2yq76me7qk0rbg31pohxa77, line 6: unreachable code after return statement
JavaScript warning: https://static-exp1.licdn.com/sc/h/3nzivj4g71hkymrb41xa1rnbd, line 6: unreachable code after return statement
JavaScript warning: https://static-exp1.licdn.com/sc/h/bcp86x768c30flcbz2v1clddv, line 6: unreachable code after return statement
JavaScript warning: https://static-exp1.licdn.com/sc/h/1erriemikjfwp52w6xjx3bijg, line 6: unreachable code after return statement
JavaScript error: resource://devtools/server/actors/network-monitor/network-event-actor.js, line 108: Error: Got a request https://static-exp1.licdn.com/sc/h/4bgwdyqe3i965vn8kqpxub8f4 without a browsingContextID set
JavaScript error: resource://devtools/server/actors/network-monitor/network-event-actor.js, line 108: Error: Got a request https://static-exp1.licdn.com/sc/h/dfth9tdbk4s0cwdqncu9die14 without a browsingContextID set

###!!! [Child][MessageChannel] Error: (msgtype=0x590008,name=PHttpChannel::Msg_DeletingChannel) Channel closing: too late to send/recv, messages will be lost


###!!! [Child][RunMessage] Error: Channel closing: too late to send/recv, messages will be lost

1625560806776	Marionette	INFO	Stopped listening on port 12492
led
console.warn: SearchSettings: "get: No settings file exists, new profile?" (new NotFoundError("Could not open the file at C:\\Users\\Keshav\\AppData\\Local\\Temp\\rust_mozprofilet0NQJl\\search.json.mozlz4", (void 0)))
1625560718460	Marionette	INFO	Listening on port 12639
1625560718806	Marionette	WARN	TLS certificate errors will be ignored for this session
JavaScript error: https://static-exp1.licdn.com/sc/h/ajb1ah7ehtdeiip59j5t4rr5c, line 1: Error: Could not lazy load JS with src https://static-exp1.licdn.com/sc/h/b08gxllvwy6zylnb52u2u7ovr
JavaScript warning: https://static-exp1.licdn.com/sc/h/dpmk9x6naqqv7akeifcbykmzx, line 3734: unreachable code after return statement
JavaScript warning: https://static-exp1.licdn.com/sc/h/di19o491dhsu35evea4rzcn1n, line 6: unreachable code after return statement
JavaScript warning: https://static-exp1.licdn.com/sc/h/di19o491dhsu35evea4rzcn1n, line 6: unreachable code after return statement
JavaScript warning: https://static-exp1.licdn.com/sc/h/1erriemikjfwp52w6xjx3bijg, line 6: unreachable code after return statement
JavaScript warning: https://static-exp1.licdn.com/sc/h/6g2yq76me7qk0rbg31pohxa77, line 6: unreachable code after return statement
JavaScript warning: https://static-exp1.licdn.com/sc/h/3nzivj4g71hkymrb41xa1rnbd, line 6: unreachable code after return statement
JavaScript warning: https://static-exp1.licdn.com/sc/h/bcp86x768c30flcbz2v1clddv, line 6: unreachable code after return statement
1625560754777	Marionette	INFO	Stopped listening on port 12639
1625574583800	geckodriver	INFO	Listening on 127.0.0.1:13854
1625574586972	mozrunner::runner	INFO	Running command: "C:\\Program Files\\Mozilla Firefox\\firefox.exe" "--marionette" "-foreground" "-no-remote" "-profile" "C:\\Users\\Keshav\\AppData\\Local\\Temp\\rust_mozprofileICEa7e"
1625574587465	Marionette	INFO	Marionette enabled
console.warn: SearchSettings: "get: No settings file exists, new profile?" (new NotFoundError("Could not open the file at C:\\Users\\Keshav\\AppData\\Local\\Temp\\rust_mozprofileICEa7e\\search.json.mozlz4", (void 0)))
1625574590234	Marionette	INFO	Listening on port 13863
1625574590660	Marionette	WARN	TLS certificate errors will be ignored for this session
JavaScript error: https://static-exp1.licdn.com/sc/h/ajb1ah7ehtdeiip59j5t4rr5c, line 1: Error: Could not lazy load JS with src https://static-exp1.licdn.com/sc/h/b08gxllvwy6zylnb52u2u7ovr
JavaScript warning: https://static-exp1.licdn.com/sc/h/dpmk9x6naqqv7akeifcbykmzx, line 3734: unreachable code after return statement
JavaScript warning: https://static-exp1.licdn.com/sc/h/di19o491dhsu35evea4rzcn1n, line 6: unreachable code after return statement
JavaScript warning: https://static-exp1.licdn.com/sc/h/di19o491dhsu35evea4rzcn1n, line 6: unreachable code after return statement
JavaScript warning: https://static-exp1.licdn.com/sc/h/1erriemikjfwp52w6xjx3bijg, line 6: unreachable code after return statement
JavaScript warning: https://static-exp1.licdn.com/sc/h/6g2yq76me7qk0rbg31pohxa77, line 6: unreachable code after return statement
JavaScript warning: https://static-exp1.licdn.com/sc/h/3nzivj4g71hkymrb41xa1rnbd, line 6: unreachable code after return statement
JavaScript warning: https://static-exp1.licdn.com/sc/h/bcp86x768c30flcbz2v1clddv, line 6: unreachable code after return statement

###!!! [Child][MessageChannel] Error: (msgtype=0x690023,name=PNecko::Msg_RemoveRequestContext) Channel closing: too late to send/recv, messages will be lost

1625574678798	Marionette	INFO	Stopped listening on port 13863
