1625633146135	geckodriver	INFO	Listening on 127.0.0.1:4950
1625633149239	mozrunner::runner	INFO	Running command: "C:\\Program Files\\Mozilla Firefox\\firefox.exe" "--marionette" "-foreground" "-no-remote" "-profile" "C:\\Users\\Keshav\\AppData\\Local\\Temp\\rust_mozprofilembGk5D"
1625633149545	Marionette	INFO	Marionette enabled
console.warn: SearchSettings: "get: No settings file exists, new profile?" (new NotFoundError("Could not open the file at C:\\Users\\Keshav\\AppData\\Local\\Temp\\rust_mozprofilembGk5D\\search.json.mozlz4", (void 0)))
1625633151461	Marionette	INFO	Listening on port 4959
1625633151902	Marionette	WARN	TLS certificate errors will be ignored for this session
JavaScript error: , line 0: uncaught exception: Object
1625633199929	Marionette	INFO	Stopped listening on port 4959

###!!! [Child][RunMessage] Error: Channel closing: too late to send/recv, messages will be lost

1625633201699	geckodriver	INFO	Listening on 127.0.0.1:5033
1625633204808	mozrunner::runner	INFO	Running command: "C:\\Program Files\\Mozilla Firefox\\firefox.exe" "--marionette" "-foreground" "-no-remote" "-profile" "C:\\Users\\Keshav\\AppData\\Local\\Temp\\rust_mozprofileI1KqtU"
1625633205108	Marionette	INFO	Marionette enabled
console.warn: SearchSettings: "get: No settings file exists, new profile?" (new NotFoundError("Could not open the file at C:\\Users\\Keshav\\AppData\\Local\\Temp\\rust_mozprofileI1KqtU\\search.json.mozlz4", (void 0)))
1625633207137	Marionette	INFO	Listening on port 5043
1625633207472	Marionette	WARN	TLS certificate errors will be ignored for this session
JavaScript error: , line 0: uncaught exception: Object
1625633266362	Marionette	INFO	Stopped listening on port 5043

###!!! [Child][RunMessage] Error: Channel closing: too late to send/recv, messages will be lost

"--marionette" "-foreground" "-no-remote" "-profile" "C:\\Users\\Keshav\\AppData\\Local\\Temp\\rust_mozprofileHC6aC0"
1625633239671	Marionette	INFO	Marionette enabled
console.warn: SearchSettings: "get: No settings file exists, new profile?" (new NotFoundError("Could not open the file at C:\\Users\\Keshav\\AppData\\Local\\Temp\\rust_mozprofileHC6aC0\\search.json.mozlz4", (void 0)))
1625633241514	Marionette	INFO	Listening on port 5124
1625633242022	Marionette	WARN	TLS certificate errors will be ignored for this session
JavaScript error: , line 0: uncaught exception: Object
JavaScript error: https://www.instagram.com/, line 56: TypeError: window.__bufferedErrors is undefined
JavaScript error: https://www.instagram.com/, line 56: TypeError: window.__bufferedErrors is undefined
SourceActor threw an exception: [Exception... "Component returned failure code: 0x80470002 (NS_BASE_STREAM_CLOSED) [nsIInputStream.available]"  nsresult: "0x80470002 (NS_BASE_STREAM_CLOSED)"  location: "JS frame :: resource://devtools/shared/DevToolsUtils.js :: onResponse :: line 567"  data: no]
Stack: onResponse@resource://devtools/shared/DevToolsUtils.js:567:34
onStopRequest@resource://gre/modules/NetUtil.jsm:128:18
Line: 567, column: 0
console.error: ({})
JavaScript error: resource://devtools/shared/DevToolsUtils.js, line 567: NS_BASE_STREAM_CLOSED: Component returned failure code: 0x80470002 (NS_BASE_STREAM_CLOSED) [nsIInputStream.available]
1625633576956	Marionette	INFO	Stopped listening on port 5124

###!!! [Child][RunMessage] Error: Channel closing: too late to send/recv, messages will be lost

1625633581146	geckodriver	INFO	Listening on 127.0.0.1:5270
1625633584249	mozrunner::runner	INFO	Running command: "C:\\Program Files\\Mozilla Firefox\\firefox.exe" "--marionette" "-foreground" "-no-remote" "-profile" "C:\\Users\\Keshav\\AppData\\Local\\Temp\\rust_mozprofile8Hpefe"
1625633584538	Marionette	INFO	Marionette enabled
console.warn: SearchSettings: "get: No settings file exists, new profile?" (new NotFoundError("Could not open the file at C:\\Users\\Keshav\\AppData\\Local\\Temp\\rust_mozprofile8Hpefe\\search.json.mozlz4", (void 0)))
1625633586568	Marionette	INFO	Listening on port 5278
1625633586928	Marionette	WARN	TLS certificate errors will be ignored for this session
JavaScript error: , line 0: uncaught exception: Object
JavaScript error: , line 0: uncaught exception: Object
console.warn: LoginRecipes: "getRecipes: falling back to a synchronous message for:" "https://www.instagram.com"
SourceActor threw an exception: [Exception... "Component returned failure code: 0x80470002 (NS_BASE_STREAM_CLOSED) [nsIInputStream.available]"  nsresult: "0x80470002 (NS_BASE_STREAM_CLOSED)"  location: "JS frame :: resource://devtools/shared/DevToolsUtils.js :: onResponse :: line 567"  data: no]
Stack: onResponse@resource://devtools/shared/DevToolsUtils.js:567:34
onStopRequest@resource://gre/modules/NetUtil.jsm:128:18
Line: 567, column: 0
console.error: ({})
JavaScript error: resource://devtools/shared/DevToolsUtils.js, line 567: NS_BASE_STREAM_CLOSED: Component returned failure code: 0x80470002 (NS_BASE_STREAM_CLOSED) [nsIInputStream.available]
console.error: (new TypeError("parent is null", "resource://devtools/client/inspector/shared/style-change-tracker.js", 67))
TypeError: parent is null: canMutationImpactCurrentStyles@resource://devtools/client/inspector/shared/style-change-tracker.js:67:24
onMutations@resource://devtools/client/inspector/shared/style-change-tracker.js:84:41
_emit@resource://devtools/shared/event-emitter.js:226:34
emit@resource://devtools/shared/event-emitter.js:172:18
emit@resource://devtools/shared/event-emitter.js:324:18
getMutations@resource://devtools/client/fronts/walker.js:311:10

console.error: (new TypeError("container.node.targetFront is null", "resource://devtools/client/inspector/markup/markup.js", 2309))
console.error: (new TypeError("container.node.targetFront is null", "resource://devtools/client/inspector/markup/markup.js", 2309))
1625633616158	Marionette	INFO	Stopped listening on port 5278

###!!! [Child][RunMessage] Error: Channel closing: too late to send/recv, messages will be lost

1625633625553	geckodriver	INFO	Listening on 127.0.0.1:5365
1625633628619	mozrunner::runner	INFO	Running command: "C:\\Program Files\\Mozilla Firefox\\firefox.exe" "--marionette" "-foreground" "-no-remote" "-profile" "C:\\Users\\Keshav\\AppData\\Local\\Temp\\rust_mozprofilex4s1M7"
1625633628911	Marionette	INFO	Marionette enabled
console.warn: SearchSettings: "get: No settings file exists, new profile?" (new NotFoundError("Could not open the file at C:\\Users\\Keshav\\AppData\\Local\\Temp\\rust_mozprofilex4s1M7\\search.json.mozlz4", (void 0)))
1625633630917	Marionette	INFO	Listening on port 5378
1625633631287	Marionette	WARN	TLS certificate errors will be ignored for this session
JavaScript error: , line 0: uncaught exception: Object
1625633644585	Marionette	INFO	Stopped listening on port 5378

###!!! [Child][RunMessage] Error: Channel closing: too late to send/recv, messages will be lost

1625633678971	geckodriver	INFO	Listening on 127.0.0.1:5472
1625633682065	mozrunner::runner	INFO	Running command: "C:\\Program Files\\Mozilla Firefox\\firefox.exe" "--marionette" "-foreground" "-no-remote" "-profile" "C:\\Users\\Keshav\\AppData\\Local\\Temp\\rust_mozprofileggYMUm"
1625633682364	Marionette	INFO	Marionette enabled
console.warn: SearchSettings: "get: No settings file exists, new profile?" (new NotFoundError("Could not open the file at C:\\Users\\Keshav\\AppData\\Local\\Temp\\rust_mozprofileggYMUm\\search.json.mozlz4", (void 0)))
1625633684264	Marionette	INFO	Listening on port 5481
1625633684751	Marionette	WARN	TLS certificate errors will be ignored for this session
JavaScript error: , line 0: uncaught exception: Object
1625633695381	Marionette	INFO	Stopped listening on port 5481

###!!! [Child][RunMessage] Error: Channel closing: too late to send/recv, messages will be lost

1625633704320	geckodriver	INFO	Listening on 127.0.0.1:5558
1625633707414	mozrunner::runner	INFO	Running command: "C:\\Program Files\\Mozilla Firefox\\firefox.exe" "--marionette" "-foreground" "-no-remote" "-profile" "C:\\Users\\Keshav\\AppData\\Local\\Temp\\rust_mozprofileHymn4p"
1625633707709	Marionette	INFO	Marionette enabled
console.warn: SearchSettings: "get: No settings file exists, new profile?" (new NotFoundError("Could not open the file at C:\\Users\\Keshav\\AppData\\Local\\Temp\\rust_mozprofileHymn4p\\search.json.mozlz4", (void 0)))
1625633709345	Marionette	INFO	Listening on port 5566
1625633709480	Marionette	WARN	TLS certificate errors will be ignored for this session
JavaScript error: , line 0: uncaught exception: Object
SourceActor threw an exception: [Exception... "Component returned failure code: 0x80470002 (NS_BASE_STREAM_CLOSED) [nsIInputStream.available]"  nsresult: "0x80470002 (NS_BASE_STREAM_CLOSED)"  location: "JS frame :: resource://devtools/shared/DevToolsUtils.js :: onResponse :: line 567"  data: no]
Stack: onResponse@resource://devtools/shared/DevToolsUtils.js:567:34
onStopRequest@resource://gre/modules/NetUtil.jsm:128:18
Line: 567, column: 0
console.error: ({})
JavaScript error: resource://devtools/shared/DevToolsUtils.js, line 567: NS_BASE_STREAM_CLOSED: Component returned failure code: 0x80470002 (NS_BASE_STREAM_CLOSED) [nsIInputStream.available]
1625633751835	Marionette	INFO	Stopped listening on port 5566

###!!! [Child][RunMessage] Error: Channel closing: too late to send/recv, messages will be lost

1625633753985	geckodriver	INFO	Listening on 127.0.0.1:5651
1625633757076	mozrunner::runner	INFO	Running command: "C:\\Program Files\\Mozilla Firefox\\firefox.exe" "--marionette" "-foreground" "-no-remote" "-profile" "C:\\Users\\Keshav\\AppData\\Local\\Temp\\rust_mozprofileDswo08"
1625633757374	Marionette	INFO	Marionette enabled
console.warn: SearchSettings: "get: No settings file exists, new profile?" (new NotFoundError("Could not open the file at C:\\Users\\Keshav\\AppData\\Local\\Temp\\rust_mozprofileDswo08\\search.json.mozlz4", (void 0)))
1625633759043	Marionette	INFO	Listening on port 5659
1625633759119	Marionette	WARN	TLS certificate errors will be ignored for this session
JavaScript error: , line 0: uncaught exception: Object
1625633786949	Marionette	INFO	Stopped listening on port 5659

###!!! [Child][RunMessage] Error: Channel closing: too late to send/recv, messages will be lost

1625633852203	geckodriver	INFO	Listening on 127.0.0.1:5748
1625633855298	mozrunner::runner	INFO	Running command: "C:\\Program Files\\Mozilla Firefox\\firefox.exe" "--marionette" "-foreground" "-no-remote" "-profile" "C:\\Users\\Keshav\\AppData\\Local\\Temp\\rust_mozprofilehenIvF"
1625633855592	Marionette	INFO	Marionette enabled
console.warn: SearchSettings: "get: No settings file exists, new profile?" (new NotFoundError("Could not open the file at C:\\Users\\Keshav\\AppData\\Local\\Temp\\rust_mozprofilehenIvF\\search.json.mozlz4", (void 0)))
1625633857439	Marionette	INFO	Listening on port 5756
1625633857460	Marionette	WARN	TLS certificate errors will be ignored for this session
JavaScript error: , line 0: uncaught exception: Object
1625633893660	Marionette	INFO	Stopped listening on port 5756
5633886581	mozrunner::runner	INFO	Running command: "C:\\Program Files\\Mozilla Firefox\\firefox.exe" "--marionette" "-foreground" "-no-remote" "-profile" "C:\\Users\\Keshav\\AppData\\Local\\Temp\\rust_mozprofileX2kcvU"
1625633886884	Marionette	INFO	Marionette enabled
console.warn: SearchSettings: "get: No settings file exists, new profile?" (new NotFoundError("Could not open the file at C:\\Users\\Keshav\\AppData\\Local\\Temp\\rust_mozprofileX2kcvU\\search.json.mozlz4", (void 0)))
1625633888794	Marionette	INFO	Listening on port 5827
1625633889232	Marionette	WARN	TLS certificate errors will be ignored for this session
JavaScript error: , line 0: uncaught exception: Object
SourceActor threw an exception: [Exception... "Component returned failure code: 0x80470002 (NS_BASE_STREAM_CLOSED) [nsIInputStream.available]"  nsresult: "0x80470002 (NS_BASE_STREAM_CLOSED)"  location: "JS frame :: resource://devtools/shared/DevToolsUtils.js :: onResponse :: line 567"  data: no]
Stack: onResponse@resource://devtools/shared/DevToolsUtils.js:567:34
onStopRequest@resource://gre/modules/NetUtil.jsm:128:18
Line: 567, column: 0
console.error: ({})
JavaScript error: resource://devtools/shared/DevToolsUtils.js, line 567: NS_BASE_STREAM_CLOSED: Component returned failure code: 0x80470002 (NS_BASE_STREAM_CLOSED) [nsIInputStream.available]
1625633968454	Marionette	INFO	Stopped listening on port 5827

###!!! [Child][RunMessage] Error: Channel closing: too late to send/recv, messages will be lost

"--marionette" "-foreground" "-no-remote" "-profile" "C:\\Users\\Keshav\\AppData\\Local\\Temp\\rust_mozprofileFVABl5"
1625633938886	Marionette	INFO	Marionette enabled
console.warn: SearchSettings: "get: No settings file exists, new profile?" (new NotFoundError("Could not open the file at C:\\Users\\Keshav\\AppData\\Local\\Temp\\rust_mozprofileFVABl5\\search.json.mozlz4", (void 0)))
1625633940779	Marionette	INFO	Listening on port 5920
1625633941238	Marionette	WARN	TLS certificate errors will be ignored for this session
JavaScript error: , line 0: uncaught exception: Object
1625633971286	Marionette	INFO	Stopped listening on port 5920
5633964597	mozrunner::runner	INFO	Running command: "C:\\Program Files\\Mozilla Firefox\\firefox.exe" "--marionette" "-foreground" "-no-remote" "-profile" "C:\\Users\\Keshav\\AppData\\Local\\Temp\\rust_mozprofilenRCFAX"
1625633964904	Marionette	INFO	Marionette enabled
console.warn: SearchSettings: "get: No settings file exists, new profile?" (new NotFoundError("Could not open the file at C:\\Users\\Keshav\\AppData\\Local\\Temp\\rust_mozprofilenRCFAX\\search.json.mozlz4", (void 0)))
1625633967059	Marionette	INFO	Listening on port 6005
1625633967274	Marionette	WARN	TLS certificate errors will be ignored for this session
JavaScript error: , line 0: uncaught exception: Object
JavaScript error: https://www.instagram.com/, line 56: TypeError: window.__bufferedErrors is undefined
JavaScript error: https://www.instagram.com/, line 56: TypeError: window.__bufferedErrors is undefined
SourceActor threw an exception: [Exception... "Component returned failure code: 0x80470002 (NS_BASE_STREAM_CLOSED) [nsIInputStream.available]"  nsresult: "0x80470002 (NS_BASE_STREAM_CLOSED)"  location: "JS frame :: resource://devtools/shared/DevToolsUtils.js :: onResponse :: line 567"  data: no]
Stack: onResponse@resource://devtools/shared/DevToolsUtils.js:567:34
onStopRequest@resource://gre/modules/NetUtil.jsm:128:18
Line: 567, column: 0
console.error: ({})
JavaScript error: resource://devtools/shared/DevToolsUtils.js, line 567: NS_BASE_STREAM_CLOSED: Component returned failure code: 0x80470002 (NS_BASE_STREAM_CLOSED) [nsIInputStream.available]
1625634017788	Marionette	INFO	Stopped listening on port 6005

###!!! [Child][RunMessage] Error: Channel closing: too late to send/recv, messages will be lost

1625634020335	geckodriver	INFO	Listening on 127.0.0.1:6097
1625634023416	mozrunner::runner	INFO	Running command: "C:\\Program Files\\Mozilla Firefox\\firefox.exe" "--marionette" "-foreground" "-no-remote" "-profile" "C:\\Users\\Keshav\\AppData\\Local\\Temp\\rust_mozprofileo3Pdv6"
1625634023710	Marionette	INFO	Marionette enabled
console.warn: SearchSettings: "get: No settings file exists, new profile?" (new NotFoundError("Could not open the file at C:\\Users\\Keshav\\AppData\\Local\\Temp\\rust_mozprofileo3Pdv6\\search.json.mozlz4", (void 0)))
1625634025614	Marionette	INFO	Listening on port 6105
1625634026075	Marionette	WARN	TLS certificate errors will be ignored for this session
JavaScript error: , line 0: uncaught exception: Object
console.warn: LoginRecipes: "getRecipes: falling back to a synchronous message for:" "https://www.instagram.com"
SourceActor threw an exception: [Exception... "Component returned failure code: 0x80470002 (NS_BASE_STREAM_CLOSED) [nsIInputStream.available]"  nsresult: "0x80470002 (NS_BASE_STREAM_CLOSED)"  location: "JS frame :: resource://devtools/shared/DevToolsUtils.js :: onResponse :: line 567"  data: no]
Stack: onResponse@resource://devtools/shared/DevToolsUtils.js:567:34
onStopRequest@resource://gre/modules/NetUtil.jsm:128:18
Line: 567, column: 0
console.error: ({})
JavaScript error: resource://devtools/shared/DevToolsUtils.js, line 567: NS_BASE_STREAM_CLOSED: Component returned failure code: 0x80470002 (NS_BASE_STREAM_CLOSED) [nsIInputStream.available]
1625634094899	Marionette	INFO	Stopped listening on port 6105

###!!! [Child][RunMessage] Error: Channel closing: too late to send/recv, messages will be lost

1625634108706	geckodriver	INFO	Listening on 127.0.0.1:6271
1625634111817	mozrunner::runner	INFO	Running command: "C:\\Program Files\\Mozilla Firefox\\firefox.exe" "--marionette" "-foreground" "-no-remote" "-profile" "C:\\Users\\Keshav\\AppData\\Local\\Temp\\rust_mozprofileRZE9RT"
1625634112109	Marionette	INFO	Marionette enabled
console.warn: SearchSettings: "get: No settings file exists, new profile?" (new NotFoundError("Could not open the file at C:\\Users\\Keshav\\AppData\\Local\\Temp\\rust_mozprofileRZE9RT\\search.json.mozlz4", (void 0)))
1625634114001	Marionette	INFO	Listening on port 6283
1625634114485	Marionette	WARN	TLS certificate errors will be ignored for this session
JavaScript error: , line 0: uncaught exception: Object
SourceActor threw an exception: [Exception... "Component returned failure code: 0x80470002 (NS_BASE_STREAM_CLOSED) [nsIInputStream.available]"  nsresult: "0x80470002 (NS_BASE_STREAM_CLOSED)"  location: "JS frame :: resource://devtools/shared/DevToolsUtils.js :: onResponse :: line 567"  data: no]
Stack: onResponse@resource://devtools/shared/DevToolsUtils.js:567:34
onStopRequest@resource://gre/modules/NetUtil.jsm:128:18
Line: 567, column: 0
console.error: ({})
JavaScript error: resource://devtools/shared/DevToolsUtils.js, line 567: NS_BASE_STREAM_CLOSED: Component returned failure code: 0x80470002 (NS_BASE_STREAM_CLOSED) [nsIInputStream.available]
console.warn: services.settings: main/doh-config Signature verified failed. Retry from scratch
console.warn: services.settings: main/doh-providers Signature verified failed. Retry from scratch
console.log: WebExtensions: reset-default-search: starting.
console.log: WebExtensions: reset-default-search: No addons in our list are installed.
1625634893678	Marionette	INFO	Stopped listening on port 6283

###!!! [Child][RunMessage] Error: Channel closing: too late to send/recv, messages will be lost

1625634996177	geckodriver	INFO	Listening on 127.0.0.1:6489
1625634999272	mozrunner::runner	INFO	Running command: "C:\\Program Files\\Mozilla Firefox\\firefox.exe" "--marionette" "-foreground" "-no-remote" "-profile" "C:\\Users\\Keshav\\AppData\\Local\\Temp\\rust_mozprofile5KEdLK"
1625634999561	Marionette	INFO	Marionette enabled
console.warn: SearchSettings: "get: No settings file exists, new profile?" (new NotFoundError("Could not open the file at C:\\Users\\Keshav\\AppData\\Local\\Temp\\rust_mozprofile5KEdLK\\search.json.mozlz4", (void 0)))
1625635001466	Marionette	INFO	Listening on port 6498
1625635001952	Marionette	WARN	TLS certificate errors will be ignored for this session
JavaScript error: , line 0: uncaught exception: Object
SourceActor threw an exception: [Exception... "Component returned failure code: 0x80470002 (NS_BASE_STREAM_CLOSED) [nsIInputStream.available]"  nsresult: "0x80470002 (NS_BASE_STREAM_CLOSED)"  location: "JS frame :: resource://devtools/shared/DevToolsUtils.js :: onResponse :: line 567"  data: no]
Stack: onResponse@resource://devtools/shared/DevToolsUtils.js:567:34
onStopRequest@resource://gre/modules/NetUtil.jsm:128:18
Line: 567, column: 0
console.error: ({})
JavaScript error: resource://devtools/shared/DevToolsUtils.js, line 567: NS_BASE_STREAM_CLOSED: Component returned failure code: 0x80470002 (NS_BASE_STREAM_CLOSED) [nsIInputStream.available]
1625635048028	Marionette	INFO	Stopped listening on port 6498

###!!! [Child][RunMessage] Error: Channel closing: too late to send/recv, messages will be lost

"--marionette" "-foreground" "-no-remote" "-profile" "C:\\Users\\Keshav\\AppData\\Local\\Temp\\rust_mozprofile9PcdU3"
1625635045359	Marionette	INFO	Marionette enabled
console.warn: SearchSettings: "get: No settings file exists, new profile?" (new NotFoundError("Could not open the file at C:\\Users\\Keshav\\AppData\\Local\\Temp\\rust_mozprofile9PcdU3\\search.json.mozlz4", (void 0)))
1625635047398	Marionette	INFO	Listening on port 6577
1625635047754	Marionette	WARN	TLS certificate errors will be ignored for this session
JavaScript error: , line 0: uncaught exception: Object
1625635091197	Marionette	INFO	Stopped listening on port 6577

###!!! [Child][RunMessage] Error: Channel closing: too late to send/recv, messages will be lost

"--marionette" "-foreground" "-no-remote" "-profile" "C:\\Users\\Keshav\\AppData\\Local\\Temp\\rust_mozprofile1fx0L9"
1625635080157	Marionette	INFO	Marionette enabled
console.warn: SearchSettings: "get: No settings file exists, new profile?" (new NotFoundError("Could not open the file at C:\\Users\\Keshav\\AppData\\Local\\Temp\\rust_mozprofile1fx0L9\\search.json.mozlz4", (void 0)))
1625635082057	Marionette	INFO	Listening on port 6652
1625635082538	Marionette	WARN	TLS certificate errors will be ignored for this session
JavaScript error: , line 0: uncaught exception: Object
SourceActor threw an exception: [Exception... "Component returned failure code: 0x80470002 (NS_BASE_STREAM_CLOSED) [nsIInputStream.available]"  nsresult: "0x80470002 (NS_BASE_STREAM_CLOSED)"  location: "JS frame :: resource://devtools/shared/DevToolsUtils.js :: onResponse :: line 567"  data: no]
Stack: onResponse@resource://devtools/shared/DevToolsUtils.js:567:34
onStopRequest@resource://gre/modules/NetUtil.jsm:128:18
Line: 567, column: 0
console.error: ({})
JavaScript error: resource://devtools/shared/DevToolsUtils.js, line 567: NS_BASE_STREAM_CLOSED: Component returned failure code: 0x80470002 (NS_BASE_STREAM_CLOSED) [nsIInputStream.available]
1625635207442	Marionette	INFO	Stopped listening on port 6652

###!!! [Child][RunMessage] Error: Channel closing: too late to send/recv, messages will be lost

"--marionette" "-foreground" "-no-remote" "-profile" "C:\\Users\\Keshav\\AppData\\Local\\Temp\\rust_mozprofilelhOkQ9"
1625635158249	Marionette	INFO	Marionette enabled
console.warn: SearchSettings: "get: No settings file exists, new profile?" (new NotFoundError("Could not open the file at C:\\Users\\Keshav\\AppData\\Local\\Temp\\rust_mozprofilelhOkQ9\\search.json.mozlz4", (void 0)))
1625635160223	Marionette	INFO	Listening on port 6733
1625635160613	Marionette	WARN	TLS certificate errors will be ignored for this session
JavaScript error: , line 0: uncaught exception: Object
1625635196352	Marionette	INFO	Stopped listening on port 6733

###!!! [Child][RunMessage] Error: Channel closing: too late to send/recv, messages will be lost

